<?xml version="1.0" encoding="utf-8"?>
<CoverageSession xmlns:xsd="http://www.w3.org/2001/XMLSchema" xmlns:xsi="http://www.w3.org/2001/XMLSchema-instance" Version="0.0.0.0">
  <Summary numSequencePoints="2379" visitedSequencePoints="2220" numBranchPoints="0" visitedBranchPoints="0" sequenceCoverage="93.32" branchCoverage="0.0" maxCyclomaticComplexity="0" minCyclomaticComplexity="0" maxCrapScore="0" minCrapScore="0" visitedClasses="51" numClasses="52" visitedMethods="353" numMethods="356" />
  <Modules>
    <Module>
      <Summary numSequencePoints="437" visitedSequencePoints="329" numBranchPoints="0" visitedBranchPoints="0" sequenceCoverage="75.29" branchCoverage="0.0" maxCyclomaticComplexity="0" minCyclomaticComplexity="0" maxCrapScore="0" minCrapScore="0" visitedClasses="15" numClasses="15" visitedMethods="63" numMethods="63" />
      <ModuleTime>0001-01-01T00:00:00</ModuleTime>
      <ModuleName>Application</ModuleName>
      <Files>
        <File uid="1" fullPath="C:/Users/Jose/Documents/GitHub/anquilosaurios-game-webgl/Assets/Scripts/Application/AudioManager.cs" />
        <File uid="2" fullPath="C:/Users/Jose/Documents/GitHub/anquilosaurios-game-webgl/Assets/Scripts/Application/Gameplay/DestroyOffScreen.cs" />
        <File uid="3" fullPath="C:/Users/Jose/Documents/GitHub/anquilosaurios-game-webgl/Assets/Scripts/Application/Gameplay/GameRoundManager.cs" />
        <File uid="4" fullPath="C:/Users/Jose/Documents/GitHub/anquilosaurios-game-webgl/Assets/Scripts/Application/Gameplay/HealthBarHUD.cs" />
        <File uid="5" fullPath="C:/Users/Jose/Documents/GitHub/anquilosaurios-game-webgl/Assets/Scripts/Application/Gameplay/QTEManager.cs" />
        <File uid="6" fullPath="C:/Users/Jose/Documents/GitHub/anquilosaurios-game-webgl/Assets/Scripts/Application/NetworkObjects/PlayerPresenter.cs" />
        <File uid="7" fullPath="C:/Users/Jose/Documents/GitHub/anquilosaurios-game-webgl/Assets/Scripts/Application/NetworkObjects/PlayerState.cs" />
        <File uid="8" fullPath="C:/Users/Jose/Documents/GitHub/anquilosaurios-game-webgl/Assets/Scripts/Application/RoundInterface/PlayerListEntryUI.cs" />
        <File uid="9" fullPath="C:/Users/Jose/Documents/GitHub/anquilosaurios-game-webgl/Assets/Scripts/Application/RoundInterface/RoundInterfaceManager.cs" />
        <File uid="10" fullPath="C:/Users/Jose/Documents/GitHub/anquilosaurios-game-webgl/Assets/Scripts/Application/RoundInterface/RoundManager.cs" />
        <File uid="11" fullPath="C:/Users/Jose/Documents/GitHub/anquilosaurios-game-webgl/Assets/Scripts/Application/SceneTransitionManager.cs" />
        <File uid="12" fullPath="C:/Users/Jose/Documents/GitHub/anquilosaurios-game-webgl/Assets/Scripts/Application/Session/GameManager.cs" />
        <File uid="13" fullPath="C:/Users/Jose/Documents/GitHub/anquilosaurios-game-webgl/Assets/Scripts/Application/Session/LobbySceneUI.cs" />
        <File uid="14" fullPath="C:/Users/Jose/Documents/GitHub/anquilosaurios-game-webgl/Assets/Scripts/Application/Session/PlayerCardUI.cs" />
        <File uid="15" fullPath="C:/Users/Jose/Documents/GitHub/anquilosaurios-game-webgl/Assets/Scripts/Application/Session/SessionManager.cs" />
      </Files>
      <Classes>
        <Class>
          <Summary numSequencePoints="46" visitedSequencePoints="41" numBranchPoints="0" visitedBranchPoints="0" sequenceCoverage="89.13" branchCoverage="0.0" maxCyclomaticComplexity="0" minCyclomaticComplexity="0" maxCrapScore="0" minCrapScore="0" visitedClasses="1" numClasses="1" visitedMethods="5" numMethods="5" />
          <FullName>AudioManager</FullName>
          <Methods>
            <Method visited="true" cyclomaticComplexity="0" nPathComplexity="0" sequenceCoverage="62.50" branchCoverage="0" crapScore="0" isConstructor="false" isStatic="false" isGetter="false" isSetter="false">
              <Summary numSequencePoints="8" visitedSequencePoints="5" numBranchPoints="0" visitedBranchPoints="0" sequenceCoverage="62.50" branchCoverage="0" maxCyclomaticComplexity="0" minCyclomaticComplexity="0" maxCrapScore="0" minCrapScore="0" visitedClasses="0" numClasses="0" visitedMethods="1" numMethods="1" />
              <MetadataToken>100663297</MetadataToken>
              <Name>System.Void AudioManager::Awake()</Name>
              <FileRef uid="1" />
              <SequencePoints>
                <SequencePoint vc="21" uspid="4013" ordinal="0" offset="0" sl="35" sc="5" el="35" ec="5" bec="0" bev="0" fileid="1" />
                <SequencePoint vc="21" uspid="4014" ordinal="0" offset="1" sl="36" sc="9" el="36" ec="9" bec="0" bev="0" fileid="1" />
                <SequencePoint vc="0" uspid="4015" ordinal="0" offset="32" sl="37" sc="9" el="37" ec="9" bec="0" bev="0" fileid="1" />
                <SequencePoint vc="0" uspid="4016" ordinal="0" offset="33" sl="38" sc="13" el="38" ec="13" bec="0" bev="0" fileid="1" />
                <SequencePoint vc="0" uspid="4017" ordinal="0" offset="45" sl="39" sc="13" el="39" ec="13" bec="0" bev="0" fileid="1" />
                <SequencePoint vc="21" uspid="4018" ordinal="0" offset="47" sl="42" sc="9" el="42" ec="9" bec="0" bev="0" fileid="1" />
                <SequencePoint vc="21" uspid="4019" ordinal="0" offset="53" sl="43" sc="9" el="43" ec="9" bec="0" bev="0" fileid="1" />
                <SequencePoint vc="21" uspid="4020" ordinal="0" offset="65" sl="44" sc="5" el="44" ec="5" bec="0" bev="0" fileid="1" />
              </SequencePoints>
              <BranchPoints />
            </Method>
            <Method visited="true" cyclomaticComplexity="0" nPathComplexity="0" sequenceCoverage="100.0" branchCoverage="0" crapScore="0" isConstructor="false" isStatic="false" isGetter="false" isSetter="false">
              <Summary numSequencePoints="5" visitedSequencePoints="5" numBranchPoints="0" visitedBranchPoints="0" sequenceCoverage="100.0" branchCoverage="0" maxCyclomaticComplexity="0" minCyclomaticComplexity="0" maxCrapScore="0" minCrapScore="0" visitedClasses="0" numClasses="0" visitedMethods="1" numMethods="1" />
              <MetadataToken>100663298</MetadataToken>
              <Name>System.Void AudioManager::PlaySFX(UnityEngine.AudioClip)</Name>
              <FileRef uid="1" />
              <SequencePoints>
                <SequencePoint vc="4" uspid="4021" ordinal="0" offset="0" sl="55" sc="5" el="55" ec="5" bec="0" bev="0" fileid="1" />
                <SequencePoint vc="4" uspid="4022" ordinal="0" offset="1" sl="56" sc="9" el="56" ec="9" bec="0" bev="0" fileid="1" />
                <SequencePoint vc="2" uspid="4023" ordinal="0" offset="29" sl="57" sc="13" el="57" ec="13" bec="0" bev="0" fileid="1" />
                <SequencePoint vc="2" uspid="4024" ordinal="0" offset="31" sl="59" sc="9" el="59" ec="9" bec="0" bev="0" fileid="1" />
                <SequencePoint vc="4" uspid="4025" ordinal="0" offset="44" sl="60" sc="5" el="60" ec="5" bec="0" bev="0" fileid="1" />
              </SequencePoints>
              <BranchPoints />
            </Method>
            <Method visited="true" cyclomaticComplexity="0" nPathComplexity="0" sequenceCoverage="75.00" branchCoverage="0" crapScore="0" isConstructor="false" isStatic="false" isGetter="false" isSetter="false">
              <Summary numSequencePoints="8" visitedSequencePoints="6" numBranchPoints="0" visitedBranchPoints="0" sequenceCoverage="75.00" branchCoverage="0" maxCyclomaticComplexity="0" minCyclomaticComplexity="0" maxCrapScore="0" minCrapScore="0" visitedClasses="0" numClasses="0" visitedMethods="1" numMethods="1" />
              <MetadataToken>100663299</MetadataToken>
              <Name>System.Void AudioManager::PlaySFXNetworked(UnityEngine.AudioClip)</Name>
              <FileRef uid="1" />
              <SequencePoints>
                <SequencePoint vc="1" uspid="4026" ordinal="0" offset="0" sl="72" sc="5" el="72" ec="5" bec="0" bev="0" fileid="1" />
                <SequencePoint vc="1" uspid="4027" ordinal="0" offset="1" sl="73" sc="9" el="73" ec="9" bec="0" bev="0" fileid="1" />
                <SequencePoint vc="1" uspid="4028" ordinal="0" offset="14" sl="74" sc="9" el="74" ec="9" bec="0" bev="0" fileid="1" />
                <SequencePoint vc="1" uspid="4029" ordinal="0" offset="15" sl="75" sc="13" el="75" ec="13" bec="0" bev="0" fileid="1" />
                <SequencePoint vc="1" uspid="4030" ordinal="0" offset="29" sl="76" sc="13" el="76" ec="13" bec="0" bev="0" fileid="1" />
                <SequencePoint vc="0" uspid="4031" ordinal="0" offset="31" sl="79" sc="9" el="79" ec="9" bec="0" bev="0" fileid="1" />
                <SequencePoint vc="0" uspid="4032" ordinal="0" offset="45" sl="80" sc="9" el="80" ec="9" bec="0" bev="0" fileid="1" />
                <SequencePoint vc="1" uspid="4033" ordinal="0" offset="53" sl="81" sc="5" el="81" ec="5" bec="0" bev="0" fileid="1" />
              </SequencePoints>
              <BranchPoints />
            </Method>
            <Method visited="true" cyclomaticComplexity="0" nPathComplexity="0" sequenceCoverage="100.0" branchCoverage="0" crapScore="0" isConstructor="false" isStatic="false" isGetter="false" isSetter="false">
              <Summary numSequencePoints="15" visitedSequencePoints="15" numBranchPoints="0" visitedBranchPoints="0" sequenceCoverage="100.0" branchCoverage="0" maxCyclomaticComplexity="0" minCyclomaticComplexity="0" maxCrapScore="0" minCrapScore="0" visitedClasses="0" numClasses="0" visitedMethods="1" numMethods="1" />
              <MetadataToken>100663302</MetadataToken>
              <Name>System.String AudioManager::GetClipName(UnityEngine.AudioClip)</Name>
              <FileRef uid="1" />
              <SequencePoints>
                <SequencePoint vc="8" uspid="4041" ordinal="0" offset="0" sl="115" sc="5" el="115" ec="5" bec="0" bev="0" fileid="1" />
                <SequencePoint vc="8" uspid="4042" ordinal="0" offset="1" sl="116" sc="9" el="116" ec="9" bec="0" bev="0" fileid="1" />
                <SequencePoint vc="1" uspid="4043" ordinal="0" offset="17" sl="116" sc="33" el="116" ec="33" bec="0" bev="0" fileid="1" />
                <SequencePoint vc="7" uspid="4044" ordinal="0" offset="28" sl="117" sc="9" el="117" ec="9" bec="0" bev="0" fileid="1" />
                <SequencePoint vc="1" uspid="4045" ordinal="0" offset="44" sl="117" sc="33" el="117" ec="33" bec="0" bev="0" fileid="1" />
                <SequencePoint vc="6" uspid="4046" ordinal="0" offset="52" sl="118" sc="9" el="118" ec="9" bec="0" bev="0" fileid="1" />
                <SequencePoint vc="1" uspid="4047" ordinal="0" offset="68" sl="118" sc="27" el="118" ec="27" bec="0" bev="0" fileid="1" />
                <SequencePoint vc="5" uspid="4048" ordinal="0" offset="76" sl="119" sc="9" el="119" ec="9" bec="0" bev="0" fileid="1" />
                <SequencePoint vc="1" uspid="4049" ordinal="0" offset="94" sl="119" sc="29" el="119" ec="29" bec="0" bev="0" fileid="1" />
                <SequencePoint vc="4" uspid="4050" ordinal="0" offset="102" sl="120" sc="9" el="120" ec="9" bec="0" bev="0" fileid="1" />
                <SequencePoint vc="1" uspid="4051" ordinal="0" offset="120" sl="120" sc="26" el="120" ec="26" bec="0" bev="0" fileid="1" />
                <SequencePoint vc="3" uspid="4052" ordinal="0" offset="128" sl="121" sc="9" el="121" ec="9" bec="0" bev="0" fileid="1" />
                <SequencePoint vc="1" uspid="4053" ordinal="0" offset="146" sl="121" sc="27" el="121" ec="27" bec="0" bev="0" fileid="1" />
                <SequencePoint vc="2" uspid="4054" ordinal="0" offset="154" sl="122" sc="9" el="122" ec="9" bec="0" bev="0" fileid="1" />
                <SequencePoint vc="8" uspid="4055" ordinal="0" offset="162" sl="123" sc="5" el="123" ec="5" bec="0" bev="0" fileid="1" />
              </SequencePoints>
              <BranchPoints />
            </Method>
            <Method visited="true" cyclomaticComplexity="0" nPathComplexity="0" sequenceCoverage="100.0" branchCoverage="0" crapScore="0" isConstructor="false" isStatic="false" isGetter="false" isSetter="false">
              <Summary numSequencePoints="10" visitedSequencePoints="10" numBranchPoints="0" visitedBranchPoints="0" sequenceCoverage="100.0" branchCoverage="0" maxCyclomaticComplexity="0" minCyclomaticComplexity="0" maxCrapScore="0" minCrapScore="0" visitedClasses="0" numClasses="0" visitedMethods="1" numMethods="1" />
              <MetadataToken>100663303</MetadataToken>
              <Name>UnityEngine.AudioClip AudioManager::GetClipByName(System.String)</Name>
              <FileRef uid="1" />
              <SequencePoints>
                <SequencePoint vc="7" uspid="4056" ordinal="0" offset="0" sl="132" sc="5" el="132" ec="5" bec="0" bev="0" fileid="1" />
                <SequencePoint vc="7" uspid="4057" ordinal="0" offset="1" sl="133" sc="9" el="133" ec="9" bec="0" bev="0" fileid="1" />
                <SequencePoint vc="1" uspid="4058" ordinal="0" offset="85" sl="135" sc="38" el="135" ec="38" bec="0" bev="0" fileid="1" />
                <SequencePoint vc="1" uspid="4059" ordinal="0" offset="94" sl="136" sc="38" el="136" ec="38" bec="0" bev="0" fileid="1" />
                <SequencePoint vc="1" uspid="4060" ordinal="0" offset="103" sl="137" sc="32" el="137" ec="32" bec="0" bev="0" fileid="1" />
                <SequencePoint vc="1" uspid="4061" ordinal="0" offset="112" sl="138" sc="34" el="138" ec="34" bec="0" bev="0" fileid="1" />
                <SequencePoint vc="1" uspid="4062" ordinal="0" offset="121" sl="139" sc="31" el="139" ec="31" bec="0" bev="0" fileid="1" />
                <SequencePoint vc="1" uspid="4063" ordinal="0" offset="130" sl="140" sc="32" el="140" ec="32" bec="0" bev="0" fileid="1" />
                <SequencePoint vc="1" uspid="4064" ordinal="0" offset="139" sl="141" sc="22" el="141" ec="22" bec="0" bev="0" fileid="1" />
                <SequencePoint vc="7" uspid="4065" ordinal="0" offset="143" sl="143" sc="5" el="143" ec="5" bec="0" bev="0" fileid="1" />
              </SequencePoints>
              <BranchPoints />
            </Method>
          </Methods>
        </Class>
        <Class>
          <Summary numSequencePoints="19" visitedSequencePoints="7" numBranchPoints="0" visitedBranchPoints="0" sequenceCoverage="36.84" branchCoverage="0.0" maxCyclomaticComplexity="0" minCyclomaticComplexity="0" maxCrapScore="0" minCrapScore="0" visitedClasses="1" numClasses="1" visitedMethods="2" numMethods="2" />
          <FullName>DestroyOffScreen</FullName>
          <Methods>
            <Method visited="true" cyclomaticComplexity="0" nPathComplexity="0" sequenceCoverage="100.0" branchCoverage="0" crapScore="0" isConstructor="false" isStatic="false" isGetter="false" isSetter="false">
              <Summary numSequencePoints="3" visitedSequencePoints="3" numBranchPoints="0" visitedBranchPoints="0" sequenceCoverage="100.0" branchCoverage="0" maxCyclomaticComplexity="0" minCyclomaticComplexity="0" maxCrapScore="0" minCrapScore="0" visitedClasses="0" numClasses="0" visitedMethods="1" numMethods="1" />
              <MetadataToken>100663310</MetadataToken>
              <Name>System.Void DestroyOffScreen::Start()</Name>
              <FileRef uid="2" />
              <SequencePoints>
                <SequencePoint vc="43" uspid="4066" ordinal="0" offset="0" sl="23" sc="5" el="23" ec="5" bec="0" bev="0" fileid="2" />
                <SequencePoint vc="43" uspid="4067" ordinal="0" offset="1" sl="24" sc="9" el="24" ec="9" bec="0" bev="0" fileid="2" />
                <SequencePoint vc="43" uspid="4068" ordinal="0" offset="12" sl="25" sc="5" el="25" ec="5" bec="0" bev="0" fileid="2" />
              </SequencePoints>
              <BranchPoints />
            </Method>
            <Method visited="true" cyclomaticComplexity="0" nPathComplexity="0" sequenceCoverage="25.00" branchCoverage="0" crapScore="0" isConstructor="false" isStatic="false" isGetter="false" isSetter="false">
              <Summary numSequencePoints="16" visitedSequencePoints="4" numBranchPoints="0" visitedBranchPoints="0" sequenceCoverage="25.00" branchCoverage="0" maxCyclomaticComplexity="0" minCyclomaticComplexity="0" maxCrapScore="0" minCrapScore="0" visitedClasses="0" numClasses="0" visitedMethods="1" numMethods="1" />
              <MetadataToken>100663311</MetadataToken>
              <Name>System.Void DestroyOffScreen::Update()</Name>
              <FileRef uid="2" />
              <SequencePoints>
                <SequencePoint vc="1075" uspid="4069" ordinal="0" offset="0" sl="32" sc="5" el="32" ec="5" bec="0" bev="0" fileid="2" />
                <SequencePoint vc="1075" uspid="4070" ordinal="0" offset="1" sl="33" sc="9" el="33" ec="9" bec="0" bev="0" fileid="2" />
                <SequencePoint vc="1075" uspid="4071" ordinal="0" offset="17" sl="33" sc="33" el="33" ec="33" bec="0" bev="0" fileid="2" />
                <SequencePoint vc="0" uspid="4072" ordinal="0" offset="19" sl="35" sc="9" el="35" ec="9" bec="0" bev="0" fileid="2" />
                <SequencePoint vc="0" uspid="4073" ordinal="0" offset="42" sl="37" sc="9" el="37" ec="9" bec="0" bev="0" fileid="2" />
                <SequencePoint vc="0" uspid="4074" ordinal="0" offset="59" sl="38" sc="9" el="38" ec="9" bec="0" bev="0" fileid="2" />
                <SequencePoint vc="0" uspid="4075" ordinal="0" offset="60" sl="39" sc="13" el="39" ec="13" bec="0" bev="0" fileid="2" />
                <SequencePoint vc="0" uspid="4076" ordinal="0" offset="70" sl="40" sc="13" el="40" ec="13" bec="0" bev="0" fileid="2" />
                <SequencePoint vc="0" uspid="4077" ordinal="0" offset="71" sl="41" sc="17" el="41" ec="17" bec="0" bev="0" fileid="2" />
                <SequencePoint vc="0" uspid="4078" ordinal="0" offset="84" sl="42" sc="13" el="42" ec="13" bec="0" bev="0" fileid="2" />
                <SequencePoint vc="0" uspid="4079" ordinal="0" offset="87" sl="43" sc="18" el="43" ec="18" bec="0" bev="0" fileid="2" />
                <SequencePoint vc="0" uspid="4080" ordinal="0" offset="99" sl="44" sc="13" el="44" ec="13" bec="0" bev="0" fileid="2" />
                <SequencePoint vc="0" uspid="4081" ordinal="0" offset="100" sl="45" sc="17" el="45" ec="17" bec="0" bev="0" fileid="2" />
                <SequencePoint vc="0" uspid="4082" ordinal="0" offset="107" sl="46" sc="13" el="46" ec="13" bec="0" bev="0" fileid="2" />
                <SequencePoint vc="0" uspid="4083" ordinal="0" offset="108" sl="47" sc="9" el="47" ec="9" bec="0" bev="0" fileid="2" />
                <SequencePoint vc="1075" uspid="4084" ordinal="0" offset="109" sl="48" sc="5" el="48" ec="5" bec="0" bev="0" fileid="2" />
              </SequencePoints>
              <BranchPoints />
            </Method>
          </Methods>
        </Class>
        <Class>
          <Summary numSequencePoints="41" visitedSequencePoints="26" numBranchPoints="0" visitedBranchPoints="0" sequenceCoverage="63.41" branchCoverage="0.0" maxCyclomaticComplexity="0" minCyclomaticComplexity="0" maxCrapScore="0" minCrapScore="0" visitedClasses="1" numClasses="1" visitedMethods="5" numMethods="5" />
          <FullName>GameRoundManager</FullName>
          <Methods>
            <Method visited="true" cyclomaticComplexity="0" nPathComplexity="0" sequenceCoverage="100.0" branchCoverage="0" crapScore="0" isConstructor="false" isStatic="true" isGetter="true" isSetter="false">
              <Summary numSequencePoints="1" visitedSequencePoints="1" numBranchPoints="0" visitedBranchPoints="0" sequenceCoverage="100.0" branchCoverage="0" maxCyclomaticComplexity="0" minCyclomaticComplexity="0" maxCrapScore="0" minCrapScore="0" visitedClasses="0" numClasses="0" visitedMethods="1" numMethods="1" />
              <MetadataToken>100663318</MetadataToken>
              <Name>static GameRoundManager GameRoundManager::get_Instance()</Name>
              <FileRef uid="3" />
              <SequencePoints>
                <SequencePoint vc="30" uspid="4091" ordinal="0" offset="0" sl="19" sc="47" el="19" ec="47" bec="0" bev="0" fileid="3" />
              </SequencePoints>
              <BranchPoints />
            </Method>
            <Method visited="true" cyclomaticComplexity="0" nPathComplexity="0" sequenceCoverage="100.0" branchCoverage="0" crapScore="0" isConstructor="false" isStatic="true" isGetter="false" isSetter="true">
              <Summary numSequencePoints="1" visitedSequencePoints="1" numBranchPoints="0" visitedBranchPoints="0" sequenceCoverage="100.0" branchCoverage="0" maxCyclomaticComplexity="0" minCyclomaticComplexity="0" maxCrapScore="0" minCrapScore="0" visitedClasses="0" numClasses="0" visitedMethods="1" numMethods="1" />
              <MetadataToken>100663319</MetadataToken>
              <Name>static System.Void GameRoundManager::set_Instance(GameRoundManager)</Name>
              <FileRef uid="3" />
              <SequencePoints>
                <SequencePoint vc="30" uspid="4092" ordinal="0" offset="0" sl="19" sc="52" el="19" ec="52" bec="0" bev="0" fileid="3" />
              </SequencePoints>
              <BranchPoints />
            </Method>
            <Method visited="true" cyclomaticComplexity="0" nPathComplexity="0" sequenceCoverage="50.00" branchCoverage="0" crapScore="0" isConstructor="false" isStatic="false" isGetter="false" isSetter="false">
              <Summary numSequencePoints="8" visitedSequencePoints="4" numBranchPoints="0" visitedBranchPoints="0" sequenceCoverage="50.00" branchCoverage="0" maxCyclomaticComplexity="0" minCyclomaticComplexity="0" maxCrapScore="0" minCrapScore="0" visitedClasses="0" numClasses="0" visitedMethods="1" numMethods="1" />
              <MetadataToken>100663320</MetadataToken>
              <Name>System.Void GameRoundManager::Awake()</Name>
              <FileRef uid="3" />
              <SequencePoints>
                <SequencePoint vc="30" uspid="4093" ordinal="0" offset="0" sl="83" sc="5" el="83" ec="5" bec="0" bev="0" fileid="3" />
                <SequencePoint vc="30" uspid="4094" ordinal="0" offset="1" sl="84" sc="9" el="84" ec="9" bec="0" bev="0" fileid="3" />
                <SequencePoint vc="0" uspid="4095" ordinal="0" offset="32" sl="85" sc="9" el="85" ec="9" bec="0" bev="0" fileid="3" />
                <SequencePoint vc="0" uspid="4096" ordinal="0" offset="33" sl="86" sc="13" el="86" ec="13" bec="0" bev="0" fileid="3" />
                <SequencePoint vc="0" uspid="4097" ordinal="0" offset="45" sl="87" sc="13" el="87" ec="13" bec="0" bev="0" fileid="3" />
                <SequencePoint vc="30" uspid="4098" ordinal="0" offset="47" sl="90" sc="9" el="90" ec="9" bec="0" bev="0" fileid="3" />
                <SequencePoint vc="30" uspid="4099" ordinal="0" offset="54" sl="91" sc="9" el="91" ec="9" bec="0" bev="0" fileid="3" />
                <SequencePoint vc="0" uspid="4100" ordinal="0" offset="61" sl="92" sc="5" el="92" ec="5" bec="0" bev="0" fileid="3" />
              </SequencePoints>
              <BranchPoints />
            </Method>
            <Method visited="true" cyclomaticComplexity="0" nPathComplexity="0" sequenceCoverage="26.67" branchCoverage="0" crapScore="0" isConstructor="false" isStatic="false" isGetter="false" isSetter="false">
              <Summary numSequencePoints="15" visitedSequencePoints="4" numBranchPoints="0" visitedBranchPoints="0" sequenceCoverage="26.67" branchCoverage="0" maxCyclomaticComplexity="0" minCyclomaticComplexity="0" maxCrapScore="0" minCrapScore="0" visitedClasses="0" numClasses="0" visitedMethods="1" numMethods="1" />
              <MetadataToken>100663321</MetadataToken>
              <Name>System.Void GameRoundManager::InitializePlayerPrefabsDict()</Name>
              <FileRef uid="3" />
              <SequencePoints>
                <SequencePoint vc="30" uspid="4101" ordinal="0" offset="0" sl="98" sc="5" el="98" ec="5" bec="0" bev="0" fileid="3" />
                <SequencePoint vc="30" uspid="4102" ordinal="0" offset="1" sl="99" sc="9" el="99" ec="9" bec="0" bev="0" fileid="3" />
                <SequencePoint vc="30" uspid="4103" ordinal="0" offset="13" sl="101" sc="9" el="101" ec="9" bec="0" bev="0" fileid="3" />
                <SequencePoint vc="30" uspid="4104" ordinal="0" offset="14" sl="101" sc="31" el="101" ec="31" bec="0" bev="0" fileid="3" />
                <SequencePoint vc="0" uspid="4105" ordinal="0" offset="28" sl="101" sc="18" el="101" ec="18" bec="0" bev="0" fileid="3" />
                <SequencePoint vc="0" uspid="4106" ordinal="0" offset="36" sl="102" sc="9" el="102" ec="9" bec="0" bev="0" fileid="3" />
                <SequencePoint vc="0" uspid="4107" ordinal="0" offset="37" sl="103" sc="13" el="103" ec="13" bec="0" bev="0" fileid="3" />
                <SequencePoint vc="0" uspid="4108" ordinal="0" offset="58" sl="104" sc="13" el="104" ec="13" bec="0" bev="0" fileid="3" />
                <SequencePoint vc="0" uspid="4109" ordinal="0" offset="59" sl="105" sc="17" el="105" ec="17" bec="0" bev="0" fileid="3" />
                <SequencePoint vc="0" uspid="4110" ordinal="0" offset="86" sl="106" sc="17" el="106" ec="17" bec="0" bev="0" fileid="3" />
                <SequencePoint vc="0" uspid="4111" ordinal="0" offset="88" sl="109" sc="13" el="109" ec="13" bec="0" bev="0" fileid="3" />
                <SequencePoint vc="0" uspid="4112" ordinal="0" offset="112" sl="110" sc="9" el="110" ec="9" bec="0" bev="0" fileid="3" />
                <SequencePoint vc="0" uspid="4113" ordinal="0" offset="113" sl="101" sc="28" el="101" ec="28" bec="0" bev="0" fileid="3" />
                <SequencePoint vc="0" uspid="4114" ordinal="0" offset="139" sl="112" sc="9" el="112" ec="9" bec="0" bev="0" fileid="3" />
                <SequencePoint vc="0" uspid="4115" ordinal="0" offset="171" sl="113" sc="5" el="113" ec="5" bec="0" bev="0" fileid="3" />
              </SequencePoints>
              <BranchPoints />
            </Method>
            <Method visited="true" cyclomaticComplexity="0" nPathComplexity="0" sequenceCoverage="100.0" branchCoverage="0" crapScore="0" isConstructor="true" isStatic="false" isGetter="false" isSetter="false">
              <Summary numSequencePoints="16" visitedSequencePoints="16" numBranchPoints="0" visitedBranchPoints="0" sequenceCoverage="100.0" branchCoverage="0" maxCyclomaticComplexity="0" minCyclomaticComplexity="0" maxCrapScore="0" minCrapScore="0" visitedClasses="0" numClasses="0" visitedMethods="1" numMethods="1" />
              <MetadataToken>100663343</MetadataToken>
              <Name>GameRoundManager::GameRoundManager()</Name>
              <FileRef uid="3" />
              <SequencePoints>
                <SequencePoint vc="30" uspid="4310" ordinal="0" offset="0" sl="20" sc="5" el="20" ec="5" bec="0" bev="0" fileid="3" />
                <SequencePoint vc="30" uspid="4311" ordinal="0" offset="14" sl="42" sc="22" el="42" ec="22" bec="0" bev="0" fileid="3" />
                <SequencePoint vc="30" uspid="4312" ordinal="0" offset="25" sl="43" sc="22" el="43" ec="22" bec="0" bev="0" fileid="3" />
                <SequencePoint vc="30" uspid="4313" ordinal="0" offset="36" sl="44" sc="22" el="44" ec="22" bec="0" bev="0" fileid="3" />
                <SequencePoint vc="30" uspid="4314" ordinal="0" offset="47" sl="45" sc="22" el="45" ec="22" bec="0" bev="0" fileid="3" />
                <SequencePoint vc="30" uspid="4315" ordinal="0" offset="58" sl="46" sc="22" el="46" ec="22" bec="0" bev="0" fileid="3" />
                <SequencePoint vc="30" uspid="4316" ordinal="0" offset="69" sl="47" sc="22" el="47" ec="22" bec="0" bev="0" fileid="3" />
                <SequencePoint vc="30" uspid="4317" ordinal="0" offset="77" sl="51" sc="5" el="51" ec="5" bec="0" bev="0" fileid="3" />
                <SequencePoint vc="30" uspid="4318" ordinal="0" offset="88" sl="54" sc="22" el="54" ec="22" bec="0" bev="0" fileid="3" />
                <SequencePoint vc="30" uspid="4319" ordinal="0" offset="99" sl="55" sc="22" el="55" ec="22" bec="0" bev="0" fileid="3" />
                <SequencePoint vc="30" uspid="4320" ordinal="0" offset="110" sl="68" sc="5" el="68" ec="5" bec="0" bev="0" fileid="3" />
                <SequencePoint vc="30" uspid="4321" ordinal="0" offset="121" sl="69" sc="5" el="69" ec="5" bec="0" bev="0" fileid="3" />
                <SequencePoint vc="30" uspid="4322" ordinal="0" offset="128" sl="70" sc="5" el="70" ec="5" bec="0" bev="0" fileid="3" />
                <SequencePoint vc="30" uspid="4323" ordinal="0" offset="140" sl="71" sc="5" el="71" ec="5" bec="0" bev="0" fileid="3" />
                <SequencePoint vc="30" uspid="4324" ordinal="0" offset="151" sl="72" sc="5" el="72" ec="5" bec="0" bev="0" fileid="3" />
                <SequencePoint vc="30" uspid="4325" ordinal="0" offset="162" sl="73" sc="5" el="73" ec="5" bec="0" bev="0" fileid="3" />
              </SequencePoints>
              <BranchPoints />
            </Method>
          </Methods>
        </Class>
        <Class>
          <Summary numSequencePoints="27" visitedSequencePoints="19" numBranchPoints="0" visitedBranchPoints="0" sequenceCoverage="70.37" branchCoverage="0.0" maxCyclomaticComplexity="0" minCyclomaticComplexity="0" maxCrapScore="0" minCrapScore="0" visitedClasses="1" numClasses="1" visitedMethods="4" numMethods="4" />
          <FullName>HealthBarHUD</FullName>
          <Methods>
            <Method visited="true" cyclomaticComplexity="0" nPathComplexity="0" sequenceCoverage="100.0" branchCoverage="0" crapScore="0" isConstructor="false" isStatic="false" isGetter="false" isSetter="false">
              <Summary numSequencePoints="10" visitedSequencePoints="10" numBranchPoints="0" visitedBranchPoints="0" sequenceCoverage="100.0" branchCoverage="0" maxCyclomaticComplexity="0" minCyclomaticComplexity="0" maxCrapScore="0" minCrapScore="0" visitedClasses="0" numClasses="0" visitedMethods="1" numMethods="1" />
              <MetadataToken>100663388</MetadataToken>
              <Name>System.Void HealthBarHUD::Awake()</Name>
              <FileRef uid="4" />
              <SequencePoints>
                <SequencePoint vc="16" uspid="4446" ordinal="0" offset="0" sl="33" sc="5" el="33" ec="5" bec="0" bev="0" fileid="4" />
                <SequencePoint vc="16" uspid="4447" ordinal="0" offset="1" sl="34" sc="9" el="34" ec="9" bec="0" bev="0" fileid="4" />
                <SequencePoint vc="16" uspid="4448" ordinal="0" offset="17" sl="35" sc="9" el="35" ec="9" bec="0" bev="0" fileid="4" />
                <SequencePoint vc="16" uspid="4449" ordinal="0" offset="18" sl="36" sc="13" el="36" ec="13" bec="0" bev="0" fileid="4" />
                <SequencePoint vc="16" uspid="4450" ordinal="0" offset="30" sl="37" sc="13" el="37" ec="13" bec="0" bev="0" fileid="4" />
                <SequencePoint vc="1" uspid="4451" ordinal="0" offset="46" sl="38" sc="13" el="38" ec="13" bec="0" bev="0" fileid="4" />
                <SequencePoint vc="1" uspid="4452" ordinal="0" offset="47" sl="39" sc="17" el="39" ec="17" bec="0" bev="0" fileid="4" />
                <SequencePoint vc="1" uspid="4453" ordinal="0" offset="74" sl="40" sc="13" el="40" ec="13" bec="0" bev="0" fileid="4" />
                <SequencePoint vc="16" uspid="4454" ordinal="0" offset="75" sl="41" sc="9" el="41" ec="9" bec="0" bev="0" fileid="4" />
                <SequencePoint vc="16" uspid="4455" ordinal="0" offset="76" sl="42" sc="5" el="42" ec="5" bec="0" bev="0" fileid="4" />
              </SequencePoints>
              <BranchPoints />
            </Method>
            <Method visited="true" cyclomaticComplexity="0" nPathComplexity="0" sequenceCoverage="57.14" branchCoverage="0" crapScore="0" isConstructor="false" isStatic="false" isGetter="false" isSetter="false">
              <Summary numSequencePoints="7" visitedSequencePoints="4" numBranchPoints="0" visitedBranchPoints="0" sequenceCoverage="57.14" branchCoverage="0" maxCyclomaticComplexity="0" minCyclomaticComplexity="0" maxCrapScore="0" minCrapScore="0" visitedClasses="0" numClasses="0" visitedMethods="1" numMethods="1" />
              <MetadataToken>100663389</MetadataToken>
              <Name>System.Void HealthBarHUD::Update()</Name>
              <FileRef uid="4" />
              <SequencePoints>
                <SequencePoint vc="10" uspid="4456" ordinal="0" offset="0" sl="49" sc="5" el="49" ec="5" bec="0" bev="0" fileid="4" />
                <SequencePoint vc="10" uspid="4457" ordinal="0" offset="1" sl="50" sc="9" el="50" ec="9" bec="0" bev="0" fileid="4" />
                <SequencePoint vc="10" uspid="4458" ordinal="0" offset="42" sl="50" sc="68" el="50" ec="68" bec="0" bev="0" fileid="4" />
                <SequencePoint vc="0" uspid="4459" ordinal="0" offset="44" sl="52" sc="9" el="52" ec="9" bec="0" bev="0" fileid="4" />
                <SequencePoint vc="0" uspid="4460" ordinal="0" offset="61" sl="53" sc="9" el="53" ec="9" bec="0" bev="0" fileid="4" />
                <SequencePoint vc="0" uspid="4461" ordinal="0" offset="85" sl="54" sc="9" el="54" ec="9" bec="0" bev="0" fileid="4" />
                <SequencePoint vc="10" uspid="4462" ordinal="0" offset="103" sl="55" sc="5" el="55" ec="5" bec="0" bev="0" fileid="4" />
              </SequencePoints>
              <BranchPoints />
            </Method>
            <Method visited="true" cyclomaticComplexity="0" nPathComplexity="0" sequenceCoverage="37.50" branchCoverage="0" crapScore="0" isConstructor="false" isStatic="false" isGetter="false" isSetter="false">
              <Summary numSequencePoints="8" visitedSequencePoints="3" numBranchPoints="0" visitedBranchPoints="0" sequenceCoverage="37.50" branchCoverage="0" maxCyclomaticComplexity="0" minCyclomaticComplexity="0" maxCrapScore="0" minCrapScore="0" visitedClasses="0" numClasses="0" visitedMethods="1" numMethods="1" />
              <MetadataToken>100663390</MetadataToken>
              <Name>System.Void HealthBarHUD::Initialize(PlayerPresenter)</Name>
              <FileRef uid="4" />
              <SequencePoints>
                <SequencePoint vc="4" uspid="4463" ordinal="0" offset="0" sl="67" sc="5" el="67" ec="5" bec="0" bev="0" fileid="4" />
                <SequencePoint vc="4" uspid="4464" ordinal="0" offset="1" sl="68" sc="9" el="68" ec="9" bec="0" bev="0" fileid="4" />
                <SequencePoint vc="4" uspid="4465" ordinal="0" offset="8" sl="69" sc="9" el="69" ec="9" bec="0" bev="0" fileid="4" />
                <SequencePoint vc="0" uspid="4466" ordinal="0" offset="20" sl="70" sc="9" el="70" ec="9" bec="0" bev="0" fileid="4" />
                <SequencePoint vc="0" uspid="4467" ordinal="0" offset="32" sl="71" sc="9" el="71" ec="9" bec="0" bev="0" fileid="4" />
                <SequencePoint vc="0" uspid="4468" ordinal="0" offset="51" sl="72" sc="9" el="72" ec="9" bec="0" bev="0" fileid="4" />
                <SequencePoint vc="0" uspid="4469" ordinal="0" offset="58" sl="73" sc="9" el="73" ec="9" bec="0" bev="0" fileid="4" />
                <SequencePoint vc="0" uspid="4470" ordinal="0" offset="66" sl="74" sc="5" el="74" ec="5" bec="0" bev="0" fileid="4" />
              </SequencePoints>
              <BranchPoints />
            </Method>
            <Method visited="true" cyclomaticComplexity="0" nPathComplexity="0" sequenceCoverage="100.0" branchCoverage="0" crapScore="0" isConstructor="true" isStatic="false" isGetter="false" isSetter="false">
              <Summary numSequencePoints="2" visitedSequencePoints="2" numBranchPoints="0" visitedBranchPoints="0" sequenceCoverage="100.0" branchCoverage="0" maxCyclomaticComplexity="0" minCyclomaticComplexity="0" maxCrapScore="0" minCrapScore="0" visitedClasses="0" numClasses="0" visitedMethods="1" numMethods="1" />
              <MetadataToken>100663391</MetadataToken>
              <Name>HealthBarHUD::HealthBarHUD()</Name>
              <FileRef uid="4" />
              <SequencePoints>
                <SequencePoint vc="14" uspid="4471" ordinal="0" offset="0" sl="21" sc="5" el="21" ec="5" bec="0" bev="0" fileid="4" />
                <SequencePoint vc="14" uspid="4472" ordinal="0" offset="7" sl="22" sc="5" el="22" ec="5" bec="0" bev="0" fileid="4" />
              </SequencePoints>
              <BranchPoints />
            </Method>
          </Methods>
        </Class>
        <Class>
          <Summary numSequencePoints="70" visitedSequencePoints="52" numBranchPoints="0" visitedBranchPoints="0" sequenceCoverage="74.29" branchCoverage="0.0" maxCyclomaticComplexity="0" minCyclomaticComplexity="0" maxCrapScore="0" minCrapScore="0" visitedClasses="1" numClasses="1" visitedMethods="8" numMethods="8" />
          <FullName>QTEManager</FullName>
          <Methods>
            <Method visited="true" cyclomaticComplexity="0" nPathComplexity="0" sequenceCoverage="100.0" branchCoverage="0" crapScore="0" isConstructor="false" isStatic="true" isGetter="true" isSetter="false">
              <Summary numSequencePoints="1" visitedSequencePoints="1" numBranchPoints="0" visitedBranchPoints="0" sequenceCoverage="100.0" branchCoverage="0" maxCyclomaticComplexity="0" minCyclomaticComplexity="0" maxCrapScore="0" minCrapScore="0" visitedClasses="0" numClasses="0" visitedMethods="1" numMethods="1" />
              <MetadataToken>100663392</MetadataToken>
              <Name>static QTEManager QTEManager::get_Instance()</Name>
              <FileRef uid="5" />
              <SequencePoints>
                <SequencePoint vc="22" uspid="4473" ordinal="0" offset="0" sl="18" sc="41" el="18" ec="41" bec="0" bev="0" fileid="5" />
              </SequencePoints>
              <BranchPoints />
            </Method>
            <Method visited="true" cyclomaticComplexity="0" nPathComplexity="0" sequenceCoverage="100.0" branchCoverage="0" crapScore="0" isConstructor="false" isStatic="true" isGetter="false" isSetter="true">
              <Summary numSequencePoints="1" visitedSequencePoints="1" numBranchPoints="0" visitedBranchPoints="0" sequenceCoverage="100.0" branchCoverage="0" maxCyclomaticComplexity="0" minCyclomaticComplexity="0" maxCrapScore="0" minCrapScore="0" visitedClasses="0" numClasses="0" visitedMethods="1" numMethods="1" />
              <MetadataToken>100663393</MetadataToken>
              <Name>static System.Void QTEManager::set_Instance(QTEManager)</Name>
              <FileRef uid="5" />
              <SequencePoints>
                <SequencePoint vc="13" uspid="4474" ordinal="0" offset="0" sl="18" sc="46" el="18" ec="46" bec="0" bev="0" fileid="5" />
              </SequencePoints>
              <BranchPoints />
            </Method>
            <Method visited="true" cyclomaticComplexity="0" nPathComplexity="0" sequenceCoverage="62.50" branchCoverage="0" crapScore="0" isConstructor="false" isStatic="false" isGetter="false" isSetter="false">
              <Summary numSequencePoints="16" visitedSequencePoints="10" numBranchPoints="0" visitedBranchPoints="0" sequenceCoverage="62.50" branchCoverage="0" maxCyclomaticComplexity="0" minCyclomaticComplexity="0" maxCrapScore="0" minCrapScore="0" visitedClasses="0" numClasses="0" visitedMethods="1" numMethods="1" />
              <MetadataToken>100663396</MetadataToken>
              <Name>System.Void QTEManager::Awake()</Name>
              <FileRef uid="5" />
              <SequencePoints>
                <SequencePoint vc="13" uspid="4475" ordinal="0" offset="0" sl="63" sc="5" el="63" ec="5" bec="0" bev="0" fileid="5" />
                <SequencePoint vc="13" uspid="4476" ordinal="0" offset="1" sl="64" sc="9" el="64" ec="9" bec="0" bev="0" fileid="5" />
                <SequencePoint vc="0" uspid="4477" ordinal="0" offset="32" sl="65" sc="9" el="65" ec="9" bec="0" bev="0" fileid="5" />
                <SequencePoint vc="0" uspid="4478" ordinal="0" offset="33" sl="66" sc="13" el="66" ec="13" bec="0" bev="0" fileid="5" />
                <SequencePoint vc="0" uspid="4479" ordinal="0" offset="45" sl="67" sc="13" el="67" ec="13" bec="0" bev="0" fileid="5" />
                <SequencePoint vc="13" uspid="4480" ordinal="0" offset="47" sl="70" sc="9" el="70" ec="9" bec="0" bev="0" fileid="5" />
                <SequencePoint vc="13" uspid="4481" ordinal="0" offset="54" sl="72" sc="9" el="72" ec="9" bec="0" bev="0" fileid="5" />
                <SequencePoint vc="5" uspid="4482" ordinal="0" offset="70" sl="73" sc="13" el="73" ec="13" bec="0" bev="0" fileid="5" />
                <SequencePoint vc="13" uspid="4483" ordinal="0" offset="83" sl="75" sc="9" el="75" ec="9" bec="0" bev="0" fileid="5" />
                <SequencePoint vc="0" uspid="4484" ordinal="0" offset="99" sl="76" sc="9" el="76" ec="9" bec="0" bev="0" fileid="5" />
                <SequencePoint vc="0" uspid="4485" ordinal="0" offset="100" sl="77" sc="13" el="77" ec="13" bec="0" bev="0" fileid="5" />
                <SequencePoint vc="0" uspid="4486" ordinal="0" offset="123" sl="78" sc="9" el="78" ec="9" bec="0" bev="0" fileid="5" />
                <SequencePoint vc="13" uspid="4487" ordinal="0" offset="126" sl="80" sc="9" el="80" ec="9" bec="0" bev="0" fileid="5" />
                <SequencePoint vc="13" uspid="4488" ordinal="0" offset="127" sl="81" sc="13" el="81" ec="13" bec="0" bev="0" fileid="5" />
                <SequencePoint vc="13" uspid="4489" ordinal="0" offset="138" sl="82" sc="9" el="82" ec="9" bec="0" bev="0" fileid="5" />
                <SequencePoint vc="13" uspid="4490" ordinal="0" offset="139" sl="83" sc="5" el="83" ec="5" bec="0" bev="0" fileid="5" />
              </SequencePoints>
              <BranchPoints />
            </Method>
            <Method visited="true" cyclomaticComplexity="0" nPathComplexity="0" sequenceCoverage="42.86" branchCoverage="0" crapScore="0" isConstructor="false" isStatic="false" isGetter="false" isSetter="false">
              <Summary numSequencePoints="7" visitedSequencePoints="3" numBranchPoints="0" visitedBranchPoints="0" sequenceCoverage="42.86" branchCoverage="0" maxCyclomaticComplexity="0" minCyclomaticComplexity="0" maxCrapScore="0" minCrapScore="0" visitedClasses="0" numClasses="0" visitedMethods="1" numMethods="1" />
              <MetadataToken>100663397</MetadataToken>
              <Name>System.Void QTEManager::OnEnable()</Name>
              <FileRef uid="5" />
              <SequencePoints>
                <SequencePoint vc="8" uspid="4491" ordinal="0" offset="0" sl="89" sc="5" el="89" ec="5" bec="0" bev="0" fileid="5" />
                <SequencePoint vc="8" uspid="4492" ordinal="0" offset="1" sl="90" sc="9" el="90" ec="9" bec="0" bev="0" fileid="5" />
                <SequencePoint vc="0" uspid="4493" ordinal="0" offset="14" sl="91" sc="9" el="91" ec="9" bec="0" bev="0" fileid="5" />
                <SequencePoint vc="0" uspid="4494" ordinal="0" offset="15" sl="92" sc="13" el="92" ec="13" bec="0" bev="0" fileid="5" />
                <SequencePoint vc="0" uspid="4495" ordinal="0" offset="39" sl="93" sc="13" el="93" ec="13" bec="0" bev="0" fileid="5" />
                <SequencePoint vc="0" uspid="4496" ordinal="0" offset="51" sl="94" sc="9" el="94" ec="9" bec="0" bev="0" fileid="5" />
                <SequencePoint vc="8" uspid="4497" ordinal="0" offset="52" sl="95" sc="5" el="95" ec="5" bec="0" bev="0" fileid="5" />
              </SequencePoints>
              <BranchPoints />
            </Method>
            <Method visited="true" cyclomaticComplexity="0" nPathComplexity="0" sequenceCoverage="42.86" branchCoverage="0" crapScore="0" isConstructor="false" isStatic="false" isGetter="false" isSetter="false">
              <Summary numSequencePoints="7" visitedSequencePoints="3" numBranchPoints="0" visitedBranchPoints="0" sequenceCoverage="42.86" branchCoverage="0" maxCyclomaticComplexity="0" minCyclomaticComplexity="0" maxCrapScore="0" minCrapScore="0" visitedClasses="0" numClasses="0" visitedMethods="1" numMethods="1" />
              <MetadataToken>100663398</MetadataToken>
              <Name>System.Void QTEManager::OnDisable()</Name>
              <FileRef uid="5" />
              <SequencePoints>
                <SequencePoint vc="8" uspid="4498" ordinal="0" offset="0" sl="101" sc="5" el="101" ec="5" bec="0" bev="0" fileid="5" />
                <SequencePoint vc="8" uspid="4499" ordinal="0" offset="1" sl="102" sc="9" el="102" ec="9" bec="0" bev="0" fileid="5" />
                <SequencePoint vc="0" uspid="4500" ordinal="0" offset="14" sl="103" sc="9" el="103" ec="9" bec="0" bev="0" fileid="5" />
                <SequencePoint vc="0" uspid="4501" ordinal="0" offset="15" sl="104" sc="13" el="104" ec="13" bec="0" bev="0" fileid="5" />
                <SequencePoint vc="0" uspid="4502" ordinal="0" offset="39" sl="105" sc="13" el="105" ec="13" bec="0" bev="0" fileid="5" />
                <SequencePoint vc="0" uspid="4503" ordinal="0" offset="51" sl="106" sc="9" el="106" ec="9" bec="0" bev="0" fileid="5" />
                <SequencePoint vc="8" uspid="4504" ordinal="0" offset="52" sl="107" sc="5" el="107" ec="5" bec="0" bev="0" fileid="5" />
              </SequencePoints>
              <BranchPoints />
            </Method>
            <Method visited="true" cyclomaticComplexity="0" nPathComplexity="0" sequenceCoverage="92.31" branchCoverage="0" crapScore="0" isConstructor="false" isStatic="false" isGetter="false" isSetter="false">
              <Summary numSequencePoints="13" visitedSequencePoints="12" numBranchPoints="0" visitedBranchPoints="0" sequenceCoverage="92.31" branchCoverage="0" maxCyclomaticComplexity="0" minCyclomaticComplexity="0" maxCrapScore="0" minCrapScore="0" visitedClasses="0" numClasses="0" visitedMethods="1" numMethods="1" />
              <MetadataToken>100663399</MetadataToken>
              <Name>System.Void QTEManager::StartQTE()</Name>
              <FileRef uid="5" />
              <SequencePoints>
                <SequencePoint vc="3" uspid="4505" ordinal="0" offset="0" sl="117" sc="5" el="117" ec="5" bec="0" bev="0" fileid="5" />
                <SequencePoint vc="3" uspid="4506" ordinal="0" offset="1" sl="118" sc="9" el="118" ec="9" bec="0" bev="0" fileid="5" />
                <SequencePoint vc="0" uspid="4507" ordinal="0" offset="11" sl="118" sc="23" el="118" ec="23" bec="0" bev="0" fileid="5" />
                <SequencePoint vc="3" uspid="4508" ordinal="0" offset="13" sl="120" sc="9" el="120" ec="9" bec="0" bev="0" fileid="5" />
                <SequencePoint vc="3" uspid="4509" ordinal="0" offset="20" sl="121" sc="9" el="121" ec="9" bec="0" bev="0" fileid="5" />
                <SequencePoint vc="3" uspid="4510" ordinal="0" offset="27" sl="122" sc="9" el="122" ec="9" bec="0" bev="0" fileid="5" />
                <SequencePoint vc="3" uspid="4511" ordinal="0" offset="38" sl="124" sc="9" el="124" ec="9" bec="0" bev="0" fileid="5" />
                <SequencePoint vc="3" uspid="4512" ordinal="0" offset="54" sl="124" sc="31" el="124" ec="31" bec="0" bev="0" fileid="5" />
                <SequencePoint vc="3" uspid="4513" ordinal="0" offset="67" sl="125" sc="9" el="125" ec="9" bec="0" bev="0" fileid="5" />
                <SequencePoint vc="3" uspid="4514" ordinal="0" offset="83" sl="125" sc="30" el="125" ec="30" bec="0" bev="0" fileid="5" />
                <SequencePoint vc="3" uspid="4515" ordinal="0" offset="100" sl="127" sc="9" el="127" ec="9" bec="0" bev="0" fileid="5" />
                <SequencePoint vc="3" uspid="4516" ordinal="0" offset="113" sl="128" sc="9" el="128" ec="9" bec="0" bev="0" fileid="5" />
                <SequencePoint vc="3" uspid="4517" ordinal="0" offset="124" sl="129" sc="5" el="129" ec="5" bec="0" bev="0" fileid="5" />
              </SequencePoints>
              <BranchPoints />
            </Method>
            <Method visited="true" cyclomaticComplexity="0" nPathComplexity="0" sequenceCoverage="86.96" branchCoverage="0" crapScore="0" isConstructor="false" isStatic="false" isGetter="false" isSetter="false">
              <Summary numSequencePoints="23" visitedSequencePoints="20" numBranchPoints="0" visitedBranchPoints="0" sequenceCoverage="86.96" branchCoverage="0" maxCyclomaticComplexity="0" minCyclomaticComplexity="0" maxCrapScore="0" minCrapScore="0" visitedClasses="0" numClasses="0" visitedMethods="1" numMethods="1" />
              <MetadataToken>100663402</MetadataToken>
              <Name>System.Void QTEManager::ForceEndQTE(System.Nullable[UInt64])</Name>
              <FileRef uid="5" />
              <SequencePoints>
                <SequencePoint vc="2" uspid="4541" ordinal="0" offset="0" sl="196" sc="5" el="196" ec="5" bec="0" bev="0" fileid="5" />
                <SequencePoint vc="2" uspid="4542" ordinal="0" offset="1" sl="197" sc="9" el="197" ec="9" bec="0" bev="0" fileid="5" />
                <SequencePoint vc="2" uspid="4543" ordinal="0" offset="8" sl="198" sc="9" el="198" ec="9" bec="0" bev="0" fileid="5" />
                <SequencePoint vc="2" uspid="4544" ordinal="0" offset="15" sl="200" sc="9" el="200" ec="9" bec="0" bev="0" fileid="5" />
                <SequencePoint vc="2" uspid="4545" ordinal="0" offset="31" sl="200" sc="31" el="200" ec="31" bec="0" bev="0" fileid="5" />
                <SequencePoint vc="2" uspid="4546" ordinal="0" offset="44" sl="202" sc="9" el="202" ec="9" bec="0" bev="0" fileid="5" />
                <SequencePoint vc="1" uspid="4547" ordinal="0" offset="58" sl="203" sc="9" el="203" ec="9" bec="0" bev="0" fileid="5" />
                <SequencePoint vc="1" uspid="4548" ordinal="0" offset="59" sl="204" sc="13" el="204" ec="13" bec="0" bev="0" fileid="5" />
                <SequencePoint vc="1" uspid="4549" ordinal="0" offset="87" sl="205" sc="13" el="205" ec="13" bec="0" bev="0" fileid="5" />
                <SequencePoint vc="0" uspid="4550" ordinal="0" offset="101" sl="206" sc="13" el="206" ec="13" bec="0" bev="0" fileid="5" />
                <SequencePoint vc="0" uspid="4551" ordinal="0" offset="102" sl="207" sc="17" el="207" ec="17" bec="0" bev="0" fileid="5" />
                <SequencePoint vc="0" uspid="4552" ordinal="0" offset="134" sl="208" sc="13" el="208" ec="13" bec="0" bev="0" fileid="5" />
                <SequencePoint vc="1" uspid="4553" ordinal="0" offset="137" sl="210" sc="13" el="210" ec="13" bec="0" bev="0" fileid="5" />
                <SequencePoint vc="1" uspid="4554" ordinal="0" offset="138" sl="211" sc="17" el="211" ec="17" bec="0" bev="0" fileid="5" />
                <SequencePoint vc="1" uspid="4555" ordinal="0" offset="175" sl="212" sc="13" el="212" ec="13" bec="0" bev="0" fileid="5" />
                <SequencePoint vc="1" uspid="4556" ordinal="0" offset="176" sl="214" sc="13" el="214" ec="13" bec="0" bev="0" fileid="5" />
                <SequencePoint vc="1" uspid="4557" ordinal="0" offset="201" sl="215" sc="9" el="215" ec="9" bec="0" bev="0" fileid="5" />
                <SequencePoint vc="1" uspid="4558" ordinal="0" offset="204" sl="217" sc="9" el="217" ec="9" bec="0" bev="0" fileid="5" />
                <SequencePoint vc="1" uspid="4559" ordinal="0" offset="205" sl="218" sc="13" el="218" ec="13" bec="0" bev="0" fileid="5" />
                <SequencePoint vc="1" uspid="4560" ordinal="0" offset="216" sl="219" sc="9" el="219" ec="9" bec="0" bev="0" fileid="5" />
                <SequencePoint vc="2" uspid="4561" ordinal="0" offset="217" sl="221" sc="9" el="221" ec="9" bec="0" bev="0" fileid="5" />
                <SequencePoint vc="2" uspid="4562" ordinal="0" offset="235" sl="222" sc="9" el="222" ec="9" bec="0" bev="0" fileid="5" />
                <SequencePoint vc="2" uspid="4563" ordinal="0" offset="283" sl="223" sc="5" el="223" ec="5" bec="0" bev="0" fileid="5" />
              </SequencePoints>
              <BranchPoints />
            </Method>
            <Method visited="true" cyclomaticComplexity="0" nPathComplexity="0" sequenceCoverage="100.0" branchCoverage="0" crapScore="0" isConstructor="true" isStatic="false" isGetter="false" isSetter="false">
              <Summary numSequencePoints="2" visitedSequencePoints="2" numBranchPoints="0" visitedBranchPoints="0" sequenceCoverage="100.0" branchCoverage="0" maxCyclomaticComplexity="0" minCyclomaticComplexity="0" maxCrapScore="0" minCrapScore="0" visitedClasses="0" numClasses="0" visitedMethods="1" numMethods="1" />
              <MetadataToken>100663404</MetadataToken>
              <Name>QTEManager::QTEManager()</Name>
              <FileRef uid="5" />
              <SequencePoints>
                <SequencePoint vc="8" uspid="4564" ordinal="0" offset="0" sl="25" sc="22" el="25" ec="22" bec="0" bev="0" fileid="5" />
                <SequencePoint vc="8" uspid="4565" ordinal="0" offset="11" sl="26" sc="22" el="26" ec="22" bec="0" bev="0" fileid="5" />
              </SequencePoints>
              <BranchPoints />
            </Method>
          </Methods>
        </Class>
        <Class>
          <Summary numSequencePoints="5" visitedSequencePoints="2" numBranchPoints="0" visitedBranchPoints="0" sequenceCoverage="40.00" branchCoverage="0.0" maxCyclomaticComplexity="0" minCyclomaticComplexity="0" maxCrapScore="0" minCrapScore="0" visitedClasses="1" numClasses="1" visitedMethods="1" numMethods="1" />
          <FullName>QTEManager/&lt;ClearMessageAfterDelay&gt;d__23</FullName>
          <Methods>
            <Method visited="true" cyclomaticComplexity="0" nPathComplexity="0" sequenceCoverage="40.00" branchCoverage="0" crapScore="0" isConstructor="false" isStatic="false" isGetter="false" isSetter="false">
              <Summary numSequencePoints="5" visitedSequencePoints="2" numBranchPoints="0" visitedBranchPoints="0" sequenceCoverage="40.00" branchCoverage="0" maxCyclomaticComplexity="0" minCyclomaticComplexity="0" maxCrapScore="0" minCrapScore="0" visitedClasses="0" numClasses="0" visitedMethods="1" numMethods="1" />
              <MetadataToken>100663407</MetadataToken>
              <Name>System.Boolean QTEManager/&lt;ClearMessageAfterDelay&gt;d__23::MoveNext()</Name>
              <FileRef uid="5" />
              <SequencePoints>
                <SequencePoint vc="2" uspid="4566" ordinal="0" offset="31" sl="231" sc="5" el="231" ec="5" bec="0" bev="0" fileid="5" />
                <SequencePoint vc="2" uspid="4567" ordinal="0" offset="32" sl="232" sc="9" el="232" ec="9" bec="0" bev="0" fileid="5" />
                <SequencePoint vc="0" uspid="4568" ordinal="0" offset="65" sl="233" sc="9" el="233" ec="9" bec="0" bev="0" fileid="5" />
                <SequencePoint vc="0" uspid="4569" ordinal="0" offset="86" sl="233" sc="30" el="233" ec="30" bec="0" bev="0" fileid="5" />
                <SequencePoint vc="0" uspid="4570" ordinal="0" offset="108" sl="234" sc="5" el="234" ec="5" bec="0" bev="0" fileid="5" />
              </SequencePoints>
              <BranchPoints />
            </Method>
          </Methods>
        </Class>
        <Class>
          <Summary numSequencePoints="14" visitedSequencePoints="14" numBranchPoints="0" visitedBranchPoints="0" sequenceCoverage="100.0" branchCoverage="0.0" maxCyclomaticComplexity="0" minCyclomaticComplexity="0" maxCrapScore="0" minCrapScore="0" visitedClasses="1" numClasses="1" visitedMethods="1" numMethods="1" />
          <FullName>QTEManager/&lt;QTECountdown&gt;d__20</FullName>
          <Methods>
            <Method visited="true" cyclomaticComplexity="0" nPathComplexity="0" sequenceCoverage="100.0" branchCoverage="0" crapScore="0" isConstructor="false" isStatic="false" isGetter="false" isSetter="false">
              <Summary numSequencePoints="14" visitedSequencePoints="14" numBranchPoints="0" visitedBranchPoints="0" sequenceCoverage="100.0" branchCoverage="0" maxCyclomaticComplexity="0" minCyclomaticComplexity="0" maxCrapScore="0" minCrapScore="0" visitedClasses="0" numClasses="0" visitedMethods="1" numMethods="1" />
              <MetadataToken>100663413</MetadataToken>
              <Name>System.Boolean QTEManager/&lt;QTECountdown&gt;d__20::MoveNext()</Name>
              <FileRef uid="5" />
              <SequencePoints>
                <SequencePoint vc="3" uspid="4571" ordinal="0" offset="34" sl="136" sc="5" el="136" ec="5" bec="0" bev="0" fileid="5" />
                <SequencePoint vc="19" uspid="4572" ordinal="0" offset="40" sl="138" sc="9" el="138" ec="9" bec="0" bev="0" fileid="5" />
                <SequencePoint vc="19" uspid="4573" ordinal="0" offset="41" sl="139" sc="13" el="139" ec="13" bec="0" bev="0" fileid="5" />
                <SequencePoint vc="19" uspid="4574" ordinal="0" offset="69" sl="141" sc="13" el="141" ec="13" bec="0" bev="0" fileid="5" />
                <SequencePoint vc="1" uspid="4575" ordinal="0" offset="114" sl="142" sc="13" el="142" ec="13" bec="0" bev="0" fileid="5" />
                <SequencePoint vc="1" uspid="4576" ordinal="0" offset="115" sl="143" sc="17" el="143" ec="17" bec="0" bev="0" fileid="5" />
                <SequencePoint vc="1" uspid="4577" ordinal="0" offset="127" sl="144" sc="17" el="144" ec="17" bec="0" bev="0" fileid="5" />
                <SequencePoint vc="1" uspid="4578" ordinal="0" offset="148" sl="144" sc="39" el="144" ec="39" bec="0" bev="0" fileid="5" />
                <SequencePoint vc="1" uspid="4579" ordinal="0" offset="166" sl="145" sc="17" el="145" ec="17" bec="0" bev="0" fileid="5" />
                <SequencePoint vc="1" uspid="4580" ordinal="0" offset="177" sl="146" sc="13" el="146" ec="13" bec="0" bev="0" fileid="5" />
                <SequencePoint vc="19" uspid="4581" ordinal="0" offset="178" sl="148" sc="13" el="148" ec="13" bec="0" bev="0" fileid="5" />
                <SequencePoint vc="17" uspid="4582" ordinal="0" offset="201" sl="149" sc="9" el="149" ec="9" bec="0" bev="0" fileid="5" />
                <SequencePoint vc="20" uspid="4583" ordinal="0" offset="202" sl="137" sc="9" el="137" ec="9" bec="0" bev="0" fileid="5" />
                <SequencePoint vc="1" uspid="4584" ordinal="0" offset="220" sl="150" sc="5" el="150" ec="5" bec="0" bev="0" fileid="5" />
              </SequencePoints>
              <BranchPoints />
            </Method>
          </Methods>
        </Class>
        <Class>
          <Summary numSequencePoints="18" visitedSequencePoints="10" numBranchPoints="0" visitedBranchPoints="0" sequenceCoverage="55.56" branchCoverage="0.0" maxCyclomaticComplexity="0" minCyclomaticComplexity="0" maxCrapScore="0" minCrapScore="0" visitedClasses="1" numClasses="1" visitedMethods="2" numMethods="2" />
          <FullName>PlayerState</FullName>
          <Methods>
            <Method visited="true" cyclomaticComplexity="0" nPathComplexity="0" sequenceCoverage="38.46" branchCoverage="0" crapScore="0" isConstructor="false" isStatic="false" isGetter="false" isSetter="false">
              <Summary numSequencePoints="13" visitedSequencePoints="5" numBranchPoints="0" visitedBranchPoints="0" sequenceCoverage="38.46" branchCoverage="0" maxCyclomaticComplexity="0" minCyclomaticComplexity="0" maxCrapScore="0" minCrapScore="0" visitedClasses="0" numClasses="0" visitedMethods="1" numMethods="1" />
              <MetadataToken>100663473</MetadataToken>
              <Name>System.Void PlayerState::Awake()</Name>
              <FileRef uid="7" />
              <SequencePoints>
                <SequencePoint vc="33" uspid="4900" ordinal="0" offset="0" sl="107" sc="5" el="107" ec="5" bec="0" bev="0" fileid="7" />
                <SequencePoint vc="33" uspid="4901" ordinal="0" offset="1" sl="108" sc="9" el="108" ec="9" bec="0" bev="0" fileid="7" />
                <SequencePoint vc="33" uspid="4902" ordinal="0" offset="12" sl="109" sc="9" el="109" ec="9" bec="0" bev="0" fileid="7" />
                <SequencePoint vc="33" uspid="4903" ordinal="0" offset="13" sl="109" sc="31" el="109" ec="31" bec="0" bev="0" fileid="7" />
                <SequencePoint vc="0" uspid="4904" ordinal="0" offset="24" sl="109" sc="18" el="109" ec="18" bec="0" bev="0" fileid="7" />
                <SequencePoint vc="0" uspid="4905" ordinal="0" offset="32" sl="110" sc="9" el="110" ec="9" bec="0" bev="0" fileid="7" />
                <SequencePoint vc="0" uspid="4906" ordinal="0" offset="33" sl="111" sc="13" el="111" ec="13" bec="0" bev="0" fileid="7" />
                <SequencePoint vc="0" uspid="4907" ordinal="0" offset="74" sl="112" sc="13" el="112" ec="13" bec="0" bev="0" fileid="7" />
                <SequencePoint vc="0" uspid="4908" ordinal="0" offset="75" sl="113" sc="17" el="113" ec="17" bec="0" bev="0" fileid="7" />
                <SequencePoint vc="0" uspid="4909" ordinal="0" offset="99" sl="114" sc="13" el="114" ec="13" bec="0" bev="0" fileid="7" />
                <SequencePoint vc="0" uspid="4910" ordinal="0" offset="100" sl="115" sc="9" el="115" ec="9" bec="0" bev="0" fileid="7" />
                <SequencePoint vc="33" uspid="4911" ordinal="0" offset="105" sl="109" sc="28" el="109" ec="28" bec="0" bev="0" fileid="7" />
                <SequencePoint vc="0" uspid="4912" ordinal="0" offset="111" sl="116" sc="5" el="116" ec="5" bec="0" bev="0" fileid="7" />
              </SequencePoints>
              <BranchPoints />
            </Method>
            <Method visited="true" cyclomaticComplexity="0" nPathComplexity="0" sequenceCoverage="100.0" branchCoverage="0" crapScore="0" isConstructor="true" isStatic="false" isGetter="false" isSetter="false">
              <Summary numSequencePoints="5" visitedSequencePoints="5" numBranchPoints="0" visitedBranchPoints="0" sequenceCoverage="100.0" branchCoverage="0" maxCyclomaticComplexity="0" minCyclomaticComplexity="0" maxCrapScore="0" minCrapScore="0" visitedClasses="0" numClasses="0" visitedMethods="1" numMethods="1" />
              <MetadataToken>100663481</MetadataToken>
              <Name>PlayerState::PlayerState()</Name>
              <FileRef uid="7" />
              <SequencePoints>
                <SequencePoint vc="33" uspid="4960" ordinal="0" offset="0" sl="43" sc="5" el="43" ec="5" bec="0" bev="0" fileid="7" />
                <SequencePoint vc="33" uspid="4961" ordinal="0" offset="15" sl="52" sc="5" el="52" ec="5" bec="0" bev="0" fileid="7" />
                <SequencePoint vc="33" uspid="4962" ordinal="0" offset="37" sl="61" sc="5" el="61" ec="5" bec="0" bev="0" fileid="7" />
                <SequencePoint vc="33" uspid="4963" ordinal="0" offset="51" sl="70" sc="5" el="70" ec="5" bec="0" bev="0" fileid="7" />
                <SequencePoint vc="33" uspid="4964" ordinal="0" offset="65" sl="79" sc="5" el="79" ec="5" bec="0" bev="0" fileid="7" />
              </SequencePoints>
              <BranchPoints />
            </Method>
          </Methods>
        </Class>
        <Class>
          <Summary numSequencePoints="34" visitedSequencePoints="34" numBranchPoints="0" visitedBranchPoints="0" sequenceCoverage="100.0" branchCoverage="0.0" maxCyclomaticComplexity="0" minCyclomaticComplexity="0" maxCrapScore="0" minCrapScore="0" visitedClasses="1" numClasses="1" visitedMethods="5" numMethods="5" />
          <FullName>PlayerListEntryUI</FullName>
          <Methods>
            <Method visited="true" cyclomaticComplexity="0" nPathComplexity="0" sequenceCoverage="100.0" branchCoverage="0" crapScore="0" isConstructor="false" isStatic="false" isGetter="false" isSetter="false">
              <Summary numSequencePoints="17" visitedSequencePoints="17" numBranchPoints="0" visitedBranchPoints="0" sequenceCoverage="100.0" branchCoverage="0" maxCyclomaticComplexity="0" minCyclomaticComplexity="0" maxCrapScore="0" minCrapScore="0" visitedClasses="0" numClasses="0" visitedMethods="1" numMethods="1" />
              <MetadataToken>100663487</MetadataToken>
              <Name>System.Void PlayerListEntryUI::SetPlayerState(PlayerState)</Name>
              <FileRef uid="8" />
              <SequencePoints>
                <SequencePoint vc="11" uspid="4965" ordinal="0" offset="0" sl="34" sc="5" el="34" ec="5" bec="0" bev="0" fileid="8" />
                <SequencePoint vc="11" uspid="4966" ordinal="0" offset="1" sl="35" sc="9" el="35" ec="9" bec="0" bev="0" fileid="8" />
                <SequencePoint vc="2" uspid="4967" ordinal="0" offset="20" sl="36" sc="9" el="36" ec="9" bec="0" bev="0" fileid="8" />
                <SequencePoint vc="2" uspid="4968" ordinal="0" offset="21" sl="37" sc="13" el="37" ec="13" bec="0" bev="0" fileid="8" />
                <SequencePoint vc="2" uspid="4969" ordinal="0" offset="65" sl="38" sc="13" el="38" ec="13" bec="0" bev="0" fileid="8" />
                <SequencePoint vc="2" uspid="4970" ordinal="0" offset="109" sl="39" sc="13" el="39" ec="13" bec="0" bev="0" fileid="8" />
                <SequencePoint vc="2" uspid="4971" ordinal="0" offset="153" sl="40" sc="9" el="40" ec="9" bec="0" bev="0" fileid="8" />
                <SequencePoint vc="11" uspid="4972" ordinal="0" offset="154" sl="42" sc="9" el="42" ec="9" bec="0" bev="0" fileid="8" />
                <SequencePoint vc="11" uspid="4973" ordinal="0" offset="161" sl="43" sc="9" el="43" ec="9" bec="0" bev="0" fileid="8" />
                <SequencePoint vc="1" uspid="4974" ordinal="0" offset="177" sl="43" sc="39" el="43" ec="39" bec="0" bev="0" fileid="8" />
                <SequencePoint vc="10" uspid="4975" ordinal="0" offset="182" sl="45" sc="9" el="45" ec="9" bec="0" bev="0" fileid="8" />
                <SequencePoint vc="10" uspid="4976" ordinal="0" offset="273" sl="49" sc="9" el="49" ec="9" bec="0" bev="0" fileid="8" />
                <SequencePoint vc="10" uspid="4977" ordinal="0" offset="309" sl="50" sc="9" el="50" ec="9" bec="0" bev="0" fileid="8" />
                <SequencePoint vc="10" uspid="4978" ordinal="0" offset="345" sl="52" sc="9" el="52" ec="9" bec="0" bev="0" fileid="8" />
                <SequencePoint vc="10" uspid="4979" ordinal="0" offset="389" sl="53" sc="9" el="53" ec="9" bec="0" bev="0" fileid="8" />
                <SequencePoint vc="10" uspid="4980" ordinal="0" offset="433" sl="54" sc="9" el="54" ec="9" bec="0" bev="0" fileid="8" />
                <SequencePoint vc="11" uspid="4981" ordinal="0" offset="477" sl="55" sc="5" el="55" ec="5" bec="0" bev="0" fileid="8" />
              </SequencePoints>
              <BranchPoints />
            </Method>
            <Method visited="true" cyclomaticComplexity="0" nPathComplexity="0" sequenceCoverage="100.0" branchCoverage="0" crapScore="0" isConstructor="false" isStatic="false" isGetter="false" isSetter="false">
              <Summary numSequencePoints="3" visitedSequencePoints="3" numBranchPoints="0" visitedBranchPoints="0" sequenceCoverage="100.0" branchCoverage="0" maxCyclomaticComplexity="0" minCyclomaticComplexity="0" maxCrapScore="0" minCrapScore="0" visitedClasses="0" numClasses="0" visitedMethods="1" numMethods="1" />
              <MetadataToken>100663488</MetadataToken>
              <Name>System.Void PlayerListEntryUI::OnDeathChanged(System.Int32, System.Int32)</Name>
              <FileRef uid="8" />
              <SequencePoints>
                <SequencePoint vc="1" uspid="4982" ordinal="0" offset="0" sl="67" sc="5" el="67" ec="5" bec="0" bev="0" fileid="8" />
                <SequencePoint vc="1" uspid="4983" ordinal="0" offset="1" sl="68" sc="9" el="68" ec="9" bec="0" bev="0" fileid="8" />
                <SequencePoint vc="1" uspid="4984" ordinal="0" offset="20" sl="69" sc="5" el="69" ec="5" bec="0" bev="0" fileid="8" />
              </SequencePoints>
              <BranchPoints />
            </Method>
            <Method visited="true" cyclomaticComplexity="0" nPathComplexity="0" sequenceCoverage="100.0" branchCoverage="0" crapScore="0" isConstructor="false" isStatic="false" isGetter="false" isSetter="false">
              <Summary numSequencePoints="3" visitedSequencePoints="3" numBranchPoints="0" visitedBranchPoints="0" sequenceCoverage="100.0" branchCoverage="0" maxCyclomaticComplexity="0" minCyclomaticComplexity="0" maxCrapScore="0" minCrapScore="0" visitedClasses="0" numClasses="0" visitedMethods="1" numMethods="1" />
              <MetadataToken>100663489</MetadataToken>
              <Name>System.Void PlayerListEntryUI::OnRoundWinsChanged(System.Int32, System.Int32)</Name>
              <FileRef uid="8" />
              <SequencePoints>
                <SequencePoint vc="1" uspid="4985" ordinal="0" offset="0" sl="77" sc="5" el="77" ec="5" bec="0" bev="0" fileid="8" />
                <SequencePoint vc="1" uspid="4986" ordinal="0" offset="1" sl="78" sc="9" el="78" ec="9" bec="0" bev="0" fileid="8" />
                <SequencePoint vc="1" uspid="4987" ordinal="0" offset="20" sl="79" sc="5" el="79" ec="5" bec="0" bev="0" fileid="8" />
              </SequencePoints>
              <BranchPoints />
            </Method>
            <Method visited="true" cyclomaticComplexity="0" nPathComplexity="0" sequenceCoverage="100.0" branchCoverage="0" crapScore="0" isConstructor="false" isStatic="false" isGetter="false" isSetter="false">
              <Summary numSequencePoints="3" visitedSequencePoints="3" numBranchPoints="0" visitedBranchPoints="0" sequenceCoverage="100.0" branchCoverage="0" maxCyclomaticComplexity="0" minCyclomaticComplexity="0" maxCrapScore="0" minCrapScore="0" visitedClasses="0" numClasses="0" visitedMethods="1" numMethods="1" />
              <MetadataToken>100663490</MetadataToken>
              <Name>System.Void PlayerListEntryUI::OnNameChanged(Unity.Collections.FixedString64Bytes, Unity.Collections.FixedString64Bytes)</Name>
              <FileRef uid="8" />
              <SequencePoints>
                <SequencePoint vc="2" uspid="4988" ordinal="0" offset="0" sl="88" sc="5" el="88" ec="5" bec="0" bev="0" fileid="8" />
                <SequencePoint vc="2" uspid="4989" ordinal="0" offset="1" sl="89" sc="9" el="89" ec="9" bec="0" bev="0" fileid="8" />
                <SequencePoint vc="1" uspid="4990" ordinal="0" offset="58" sl="92" sc="5" el="92" ec="5" bec="0" bev="0" fileid="8" />
              </SequencePoints>
              <BranchPoints />
            </Method>
            <Method visited="true" cyclomaticComplexity="0" nPathComplexity="0" sequenceCoverage="100.0" branchCoverage="0" crapScore="0" isConstructor="false" isStatic="false" isGetter="false" isSetter="false">
              <Summary numSequencePoints="8" visitedSequencePoints="8" numBranchPoints="0" visitedBranchPoints="0" sequenceCoverage="100.0" branchCoverage="0" maxCyclomaticComplexity="0" minCyclomaticComplexity="0" maxCrapScore="0" minCrapScore="0" visitedClasses="0" numClasses="0" visitedMethods="1" numMethods="1" />
              <MetadataToken>100663491</MetadataToken>
              <Name>System.Void PlayerListEntryUI::OnDestroy()</Name>
              <FileRef uid="8" />
              <SequencePoints>
                <SequencePoint vc="21" uspid="4991" ordinal="0" offset="0" sl="102" sc="5" el="102" ec="5" bec="0" bev="0" fileid="8" />
                <SequencePoint vc="21" uspid="4992" ordinal="0" offset="1" sl="103" sc="9" el="103" ec="9" bec="0" bev="0" fileid="8" />
                <SequencePoint vc="9" uspid="4993" ordinal="0" offset="20" sl="104" sc="9" el="104" ec="9" bec="0" bev="0" fileid="8" />
                <SequencePoint vc="9" uspid="4994" ordinal="0" offset="21" sl="105" sc="13" el="105" ec="13" bec="0" bev="0" fileid="8" />
                <SequencePoint vc="9" uspid="4995" ordinal="0" offset="65" sl="106" sc="13" el="106" ec="13" bec="0" bev="0" fileid="8" />
                <SequencePoint vc="9" uspid="4996" ordinal="0" offset="109" sl="107" sc="13" el="107" ec="13" bec="0" bev="0" fileid="8" />
                <SequencePoint vc="9" uspid="4997" ordinal="0" offset="153" sl="108" sc="9" el="108" ec="9" bec="0" bev="0" fileid="8" />
                <SequencePoint vc="21" uspid="4998" ordinal="0" offset="154" sl="109" sc="5" el="109" ec="5" bec="0" bev="0" fileid="8" />
              </SequencePoints>
              <BranchPoints />
            </Method>
          </Methods>
        </Class>
        <Class>
          <Summary numSequencePoints="35" visitedSequencePoints="21" numBranchPoints="0" visitedBranchPoints="0" sequenceCoverage="60.00" branchCoverage="0.0" maxCyclomaticComplexity="0" minCyclomaticComplexity="0" maxCrapScore="0" minCrapScore="0" visitedClasses="1" numClasses="1" visitedMethods="6" numMethods="6" />
          <FullName>RoundInterfaceManager</FullName>
          <Methods>
            <Method visited="true" cyclomaticComplexity="0" nPathComplexity="0" sequenceCoverage="42.86" branchCoverage="0" crapScore="0" isConstructor="false" isStatic="false" isGetter="false" isSetter="false">
              <Summary numSequencePoints="7" visitedSequencePoints="3" numBranchPoints="0" visitedBranchPoints="0" sequenceCoverage="42.86" branchCoverage="0" maxCyclomaticComplexity="0" minCyclomaticComplexity="0" maxCrapScore="0" minCrapScore="0" visitedClasses="0" numClasses="0" visitedMethods="1" numMethods="1" />
              <MetadataToken>100663493</MetadataToken>
              <Name>System.Void RoundInterfaceManager::OnEnable()</Name>
              <FileRef uid="9" />
              <SequencePoints>
                <SequencePoint vc="15" uspid="4999" ordinal="0" offset="0" sl="45" sc="5" el="45" ec="5" bec="0" bev="0" fileid="9" />
                <SequencePoint vc="15" uspid="5000" ordinal="0" offset="1" sl="47" sc="9" el="47" ec="9" bec="0" bev="0" fileid="9" />
                <SequencePoint vc="0" uspid="5001" ordinal="0" offset="16" sl="48" sc="9" el="48" ec="9" bec="0" bev="0" fileid="9" />
                <SequencePoint vc="0" uspid="5002" ordinal="0" offset="17" sl="49" sc="13" el="49" ec="13" bec="0" bev="0" fileid="9" />
                <SequencePoint vc="0" uspid="5003" ordinal="0" offset="40" sl="50" sc="13" el="50" ec="13" bec="0" bev="0" fileid="9" />
                <SequencePoint vc="0" uspid="5004" ordinal="0" offset="63" sl="51" sc="9" el="51" ec="9" bec="0" bev="0" fileid="9" />
                <SequencePoint vc="15" uspid="5005" ordinal="0" offset="64" sl="52" sc="5" el="52" ec="5" bec="0" bev="0" fileid="9" />
              </SequencePoints>
              <BranchPoints />
            </Method>
            <Method visited="true" cyclomaticComplexity="0" nPathComplexity="0" sequenceCoverage="50.00" branchCoverage="0" crapScore="0" isConstructor="false" isStatic="false" isGetter="false" isSetter="false">
              <Summary numSequencePoints="8" visitedSequencePoints="4" numBranchPoints="0" visitedBranchPoints="0" sequenceCoverage="50.00" branchCoverage="0" maxCyclomaticComplexity="0" minCyclomaticComplexity="0" maxCrapScore="0" minCrapScore="0" visitedClasses="0" numClasses="0" visitedMethods="1" numMethods="1" />
              <MetadataToken>100663494</MetadataToken>
              <Name>System.Void RoundInterfaceManager::OnDisable()</Name>
              <FileRef uid="9" />
              <SequencePoints>
                <SequencePoint vc="15" uspid="5006" ordinal="0" offset="0" sl="58" sc="5" el="58" ec="5" bec="0" bev="0" fileid="9" />
                <SequencePoint vc="15" uspid="5007" ordinal="0" offset="1" sl="59" sc="9" el="59" ec="9" bec="0" bev="0" fileid="9" />
                <SequencePoint vc="0" uspid="5008" ordinal="0" offset="16" sl="60" sc="9" el="60" ec="9" bec="0" bev="0" fileid="9" />
                <SequencePoint vc="0" uspid="5009" ordinal="0" offset="17" sl="61" sc="13" el="61" ec="13" bec="0" bev="0" fileid="9" />
                <SequencePoint vc="0" uspid="5010" ordinal="0" offset="40" sl="62" sc="13" el="62" ec="13" bec="0" bev="0" fileid="9" />
                <SequencePoint vc="0" uspid="5011" ordinal="0" offset="63" sl="63" sc="9" el="63" ec="9" bec="0" bev="0" fileid="9" />
                <SequencePoint vc="15" uspid="5012" ordinal="0" offset="64" sl="65" sc="9" el="65" ec="9" bec="0" bev="0" fileid="9" />
                <SequencePoint vc="15" uspid="5013" ordinal="0" offset="71" sl="66" sc="5" el="66" ec="5" bec="0" bev="0" fileid="9" />
              </SequencePoints>
              <BranchPoints />
            </Method>
            <Method visited="true" cyclomaticComplexity="0" nPathComplexity="0" sequenceCoverage="40.00" branchCoverage="0" crapScore="0" isConstructor="false" isStatic="false" isGetter="false" isSetter="false">
              <Summary numSequencePoints="10" visitedSequencePoints="4" numBranchPoints="0" visitedBranchPoints="0" sequenceCoverage="40.00" branchCoverage="0" maxCyclomaticComplexity="0" minCyclomaticComplexity="0" maxCrapScore="0" minCrapScore="0" visitedClasses="0" numClasses="0" visitedMethods="1" numMethods="1" />
              <MetadataToken>100663499</MetadataToken>
              <Name>System.Void RoundInterfaceManager::UnregisterFromRoundManager()</Name>
              <FileRef uid="9" />
              <SequencePoints>
                <SequencePoint vc="15" uspid="5037" ordinal="0" offset="0" sl="144" sc="5" el="144" ec="5" bec="0" bev="0" fileid="9" />
                <SequencePoint vc="15" uspid="5038" ordinal="0" offset="1" sl="145" sc="9" el="145" ec="9" bec="0" bev="0" fileid="9" />
                <SequencePoint vc="15" uspid="5039" ordinal="0" offset="14" sl="145" sc="44" el="145" ec="44" bec="0" bev="0" fileid="9" />
                <SequencePoint vc="0" uspid="5040" ordinal="0" offset="16" sl="147" sc="9" el="147" ec="9" bec="0" bev="0" fileid="9" />
                <SequencePoint vc="0" uspid="5041" ordinal="0" offset="31" sl="148" sc="9" el="148" ec="9" bec="0" bev="0" fileid="9" />
                <SequencePoint vc="0" uspid="5042" ordinal="0" offset="32" sl="149" sc="13" el="149" ec="13" bec="0" bev="0" fileid="9" />
                <SequencePoint vc="0" uspid="5043" ordinal="0" offset="55" sl="150" sc="13" el="150" ec="13" bec="0" bev="0" fileid="9" />
                <SequencePoint vc="0" uspid="5044" ordinal="0" offset="78" sl="151" sc="9" el="151" ec="9" bec="0" bev="0" fileid="9" />
                <SequencePoint vc="0" uspid="5045" ordinal="0" offset="79" sl="153" sc="9" el="153" ec="9" bec="0" bev="0" fileid="9" />
                <SequencePoint vc="15" uspid="5046" ordinal="0" offset="86" sl="154" sc="5" el="154" ec="5" bec="0" bev="0" fileid="9" />
              </SequencePoints>
              <BranchPoints />
            </Method>
            <Method visited="true" cyclomaticComplexity="0" nPathComplexity="0" sequenceCoverage="100.0" branchCoverage="0" crapScore="0" isConstructor="false" isStatic="false" isGetter="false" isSetter="false">
              <Summary numSequencePoints="4" visitedSequencePoints="4" numBranchPoints="0" visitedBranchPoints="0" sequenceCoverage="100.0" branchCoverage="0" maxCyclomaticComplexity="0" minCyclomaticComplexity="0" maxCrapScore="0" minCrapScore="0" visitedClasses="0" numClasses="0" visitedMethods="1" numMethods="1" />
              <MetadataToken>100663503</MetadataToken>
              <Name>System.Void RoundInterfaceManager::UpdateCountdown(System.Int32)</Name>
              <FileRef uid="9" />
              <SequencePoints>
                <SequencePoint vc="4" uspid="5077" ordinal="0" offset="0" sl="218" sc="5" el="218" ec="5" bec="0" bev="0" fileid="9" />
                <SequencePoint vc="4" uspid="5078" ordinal="0" offset="1" sl="219" sc="9" el="219" ec="9" bec="0" bev="0" fileid="9" />
                <SequencePoint vc="4" uspid="5079" ordinal="0" offset="17" sl="220" sc="13" el="220" ec="13" bec="0" bev="0" fileid="9" />
                <SequencePoint vc="4" uspid="5080" ordinal="0" offset="56" sl="221" sc="5" el="221" ec="5" bec="0" bev="0" fileid="9" />
              </SequencePoints>
              <BranchPoints />
            </Method>
            <Method visited="true" cyclomaticComplexity="0" nPathComplexity="0" sequenceCoverage="100.0" branchCoverage="0" crapScore="0" isConstructor="false" isStatic="false" isGetter="false" isSetter="false">
              <Summary numSequencePoints="4" visitedSequencePoints="4" numBranchPoints="0" visitedBranchPoints="0" sequenceCoverage="100.0" branchCoverage="0" maxCyclomaticComplexity="0" minCyclomaticComplexity="0" maxCrapScore="0" minCrapScore="0" visitedClasses="0" numClasses="0" visitedMethods="1" numMethods="1" />
              <MetadataToken>100663504</MetadataToken>
[...]
                <SequencePoint vc="1" uspid="7953" ordinal="0" offset="20" sl="473" sc="9" el="473" ec="9" bec="0" bev="0" fileid="28" />
                <SequencePoint vc="1" uspid="7954" ordinal="0" offset="28" sl="474" sc="9" el="474" ec="9" bec="0" bev="0" fileid="28" />
                <SequencePoint vc="1" uspid="7955" ordinal="0" offset="36" sl="475" sc="9" el="475" ec="9" bec="0" bev="0" fileid="28" />
                <SequencePoint vc="1" uspid="7956" ordinal="0" offset="44" sl="478" sc="9" el="478" ec="9" bec="0" bev="0" fileid="28" />
                <SequencePoint vc="1" uspid="7957" ordinal="0" offset="77" sl="480" sc="5" el="480" ec="5" bec="0" bev="0" fileid="28" />
              </SequencePoints>
              <BranchPoints />
            </Method>
            <Method visited="true" cyclomaticComplexity="0" nPathComplexity="0" sequenceCoverage="100.0" branchCoverage="0" crapScore="0" isConstructor="false" isStatic="false" isGetter="false" isSetter="false">
              <Summary numSequencePoints="11" visitedSequencePoints="11" numBranchPoints="0" visitedBranchPoints="0" sequenceCoverage="100.0" branchCoverage="0" maxCyclomaticComplexity="0" minCyclomaticComplexity="0" maxCrapScore="0" minCrapScore="0" visitedClasses="0" numClasses="0" visitedMethods="1" numMethods="1" />
              <MetadataToken>100663759</MetadataToken>
              <Name>System.Void SessionManagerTests::SessionManager_HasRequiredMethods()</Name>
              <FileRef uid="28" />
              <SequencePoints>
                <SequencePoint vc="1" uspid="7958" ordinal="0" offset="0" sl="488" sc="5" el="488" ec="5" bec="0" bev="0" fileid="28" />
                <SequencePoint vc="1" uspid="7959" ordinal="0" offset="1" sl="490" sc="9" el="490" ec="9" bec="0" bev="0" fileid="28" />
                <SequencePoint vc="1" uspid="7960" ordinal="0" offset="48" sl="500" sc="9" el="500" ec="9" bec="0" bev="0" fileid="28" />
                <SequencePoint vc="1" uspid="7961" ordinal="0" offset="49" sl="500" sc="36" el="500" ec="36" bec="0" bev="0" fileid="28" />
                <SequencePoint vc="5" uspid="7962" ordinal="0" offset="55" sl="500" sc="18" el="500" ec="18" bec="0" bev="0" fileid="28" />
                <SequencePoint vc="5" uspid="7963" ordinal="0" offset="59" sl="501" sc="9" el="501" ec="9" bec="0" bev="0" fileid="28" />
                <SequencePoint vc="5" uspid="7964" ordinal="0" offset="60" sl="502" sc="13" el="502" ec="13" bec="0" bev="0" fileid="28" />
                <SequencePoint vc="5" uspid="7965" ordinal="0" offset="80" sl="507" sc="13" el="507" ec="13" bec="0" bev="0" fileid="28" />
                <SequencePoint vc="5" uspid="7966" ordinal="0" offset="104" sl="508" sc="9" el="508" ec="9" bec="0" bev="0" fileid="28" />
                <SequencePoint vc="6" uspid="7967" ordinal="0" offset="109" sl="500" sc="33" el="500" ec="33" bec="0" bev="0" fileid="28" />
                <SequencePoint vc="1" uspid="7968" ordinal="0" offset="115" sl="509" sc="5" el="509" ec="5" bec="0" bev="0" fileid="28" />
              </SequencePoints>
              <BranchPoints />
            </Method>
            <Method visited="true" cyclomaticComplexity="0" nPathComplexity="0" sequenceCoverage="100.0" branchCoverage="0" crapScore="0" isConstructor="false" isStatic="false" isGetter="false" isSetter="false">
              <Summary numSequencePoints="6" visitedSequencePoints="6" numBranchPoints="0" visitedBranchPoints="0" sequenceCoverage="100.0" branchCoverage="0" maxCyclomaticComplexity="0" minCyclomaticComplexity="0" maxCrapScore="0" minCrapScore="0" visitedClasses="0" numClasses="0" visitedMethods="1" numMethods="1" />
              <MetadataToken>100663760</MetadataToken>
              <Name>System.Void SessionManagerTests::SessionManager_HasActiveSessionProperty()</Name>
              <FileRef uid="28" />
              <SequencePoints>
                <SequencePoint vc="1" uspid="7969" ordinal="0" offset="0" sl="513" sc="5" el="513" ec="5" bec="0" bev="0" fileid="28" />
                <SequencePoint vc="1" uspid="7970" ordinal="0" offset="1" sl="515" sc="9" el="515" ec="9" bec="0" bev="0" fileid="28" />
                <SequencePoint vc="1" uspid="7971" ordinal="0" offset="24" sl="519" sc="9" el="519" ec="9" bec="0" bev="0" fileid="28" />
                <SequencePoint vc="1" uspid="7972" ordinal="0" offset="41" sl="520" sc="9" el="520" ec="9" bec="0" bev="0" fileid="28" />
                <SequencePoint vc="1" uspid="7973" ordinal="0" offset="63" sl="521" sc="9" el="521" ec="9" bec="0" bev="0" fileid="28" />
                <SequencePoint vc="1" uspid="7974" ordinal="0" offset="85" sl="522" sc="5" el="522" ec="5" bec="0" bev="0" fileid="28" />
              </SequencePoints>
              <BranchPoints />
            </Method>
            <Method visited="true" cyclomaticComplexity="0" nPathComplexity="0" sequenceCoverage="100.0" branchCoverage="0" crapScore="0" isConstructor="false" isStatic="false" isGetter="false" isSetter="false">
              <Summary numSequencePoints="17" visitedSequencePoints="17" numBranchPoints="0" visitedBranchPoints="0" sequenceCoverage="100.0" branchCoverage="0" maxCyclomaticComplexity="0" minCyclomaticComplexity="0" maxCrapScore="0" minCrapScore="0" visitedClasses="0" numClasses="0" visitedMethods="1" numMethods="1" />
              <MetadataToken>100663761</MetadataToken>
              <Name>System.Void SessionManagerTests::CompleteFlow_AssignAndRelease()</Name>
              <FileRef uid="28" />
              <SequencePoints>
                <SequencePoint vc="1" uspid="7975" ordinal="0" offset="0" sl="530" sc="5" el="530" ec="5" bec="0" bev="0" fileid="28" />
                <SequencePoint vc="1" uspid="7976" ordinal="0" offset="1" sl="532" sc="9" el="532" ec="9" bec="0" bev="0" fileid="28" />
                <SequencePoint vc="1" uspid="7977" ordinal="0" offset="8" sl="533" sc="9" el="533" ec="9" bec="0" bev="0" fileid="28" />
                <SequencePoint vc="1" uspid="7978" ordinal="0" offset="20" sl="534" sc="9" el="534" ec="9" bec="0" bev="0" fileid="28" />
                <SequencePoint vc="1" uspid="7979" ordinal="0" offset="32" sl="536" sc="9" el="536" ec="9" bec="0" bev="0" fileid="28" />
                <SequencePoint vc="1" uspid="7980" ordinal="0" offset="36" sl="539" sc="9" el="539" ec="9" bec="0" bev="0" fileid="28" />
                <SequencePoint vc="1" uspid="7981" ordinal="0" offset="53" sl="540" sc="9" el="540" ec="9" bec="0" bev="0" fileid="28" />
                <SequencePoint vc="1" uspid="7982" ordinal="0" offset="62" sl="541" sc="9" el="541" ec="9" bec="0" bev="0" fileid="28" />
                <SequencePoint vc="1" uspid="7983" ordinal="0" offset="70" sl="544" sc="9" el="544" ec="9" bec="0" bev="0" fileid="28" />
                <SequencePoint vc="1" uspid="7984" ordinal="0" offset="93" sl="545" sc="9" el="545" ec="9" bec="0" bev="0" fileid="28" />
                <SequencePoint vc="1" uspid="7985" ordinal="0" offset="116" sl="546" sc="9" el="546" ec="9" bec="0" bev="0" fileid="28" />
                <SequencePoint vc="1" uspid="7986" ordinal="0" offset="136" sl="547" sc="9" el="547" ec="9" bec="0" bev="0" fileid="28" />
                <SequencePoint vc="1" uspid="7987" ordinal="0" offset="155" sl="550" sc="9" el="550" ec="9" bec="0" bev="0" fileid="28" />
                <SequencePoint vc="1" uspid="7988" ordinal="0" offset="168" sl="553" sc="9" el="553" ec="9" bec="0" bev="0" fileid="28" />
                <SequencePoint vc="1" uspid="7989" ordinal="0" offset="191" sl="554" sc="9" el="554" ec="9" bec="0" bev="0" fileid="28" />
                <SequencePoint vc="1" uspid="7990" ordinal="0" offset="214" sl="555" sc="9" el="555" ec="9" bec="0" bev="0" fileid="28" />
                <SequencePoint vc="1" uspid="7991" ordinal="0" offset="234" sl="556" sc="5" el="556" ec="5" bec="0" bev="0" fileid="28" />
              </SequencePoints>
              <BranchPoints />
            </Method>
            <Method visited="true" cyclomaticComplexity="0" nPathComplexity="0" sequenceCoverage="100.0" branchCoverage="0" crapScore="0" isConstructor="false" isStatic="false" isGetter="false" isSetter="false">
              <Summary numSequencePoints="17" visitedSequencePoints="17" numBranchPoints="0" visitedBranchPoints="0" sequenceCoverage="100.0" branchCoverage="0" maxCyclomaticComplexity="0" minCyclomaticComplexity="0" maxCrapScore="0" minCrapScore="0" visitedClasses="0" numClasses="0" visitedMethods="1" numMethods="1" />
              <MetadataToken>100663762</MetadataToken>
              <Name>System.Void SessionManagerTests::MultipleClients_AssignDifferentCharacters()</Name>
              <FileRef uid="28" />
              <SequencePoints>
                <SequencePoint vc="1" uspid="7992" ordinal="0" offset="0" sl="560" sc="5" el="560" ec="5" bec="0" bev="0" fileid="28" />
                <SequencePoint vc="1" uspid="7993" ordinal="0" offset="1" sl="562" sc="9" el="562" ec="9" bec="0" bev="0" fileid="28" />
                <SequencePoint vc="1" uspid="7994" ordinal="0" offset="8" sl="563" sc="9" el="563" ec="9" bec="0" bev="0" fileid="28" />
                <SequencePoint vc="1" uspid="7995" ordinal="0" offset="20" sl="564" sc="9" el="564" ec="9" bec="0" bev="0" fileid="28" />
                <SequencePoint vc="1" uspid="7996" ordinal="0" offset="32" sl="567" sc="14" el="567" ec="14" bec="0" bev="0" fileid="28" />
                <SequencePoint vc="4" uspid="7997" ordinal="0" offset="37" sl="568" sc="9" el="568" ec="9" bec="0" bev="0" fileid="28" />
                <SequencePoint vc="4" uspid="7998" ordinal="0" offset="38" sl="569" sc="13" el="569" ec="13" bec="0" bev="0" fileid="28" />
                <SequencePoint vc="4" uspid="7999" ordinal="0" offset="56" sl="570" sc="13" el="570" ec="13" bec="0" bev="0" fileid="28" />
                <SequencePoint vc="4" uspid="8000" ordinal="0" offset="66" sl="571" sc="13" el="571" ec="13" bec="0" bev="0" fileid="28" />
                <SequencePoint vc="4" uspid="8001" ordinal="0" offset="75" sl="572" sc="9" el="572" ec="9" bec="0" bev="0" fileid="28" />
                <SequencePoint vc="4" uspid="8002" ordinal="0" offset="76" sl="567" sc="34" el="567" ec="34" bec="0" bev="0" fileid="28" />
                <SequencePoint vc="5" uspid="8003" ordinal="0" offset="81" sl="567" sc="27" el="567" ec="27" bec="0" bev="0" fileid="28" />
                <SequencePoint vc="1" uspid="8004" ordinal="0" offset="92" sl="575" sc="9" el="575" ec="9" bec="0" bev="0" fileid="28" />
                <SequencePoint vc="1" uspid="8005" ordinal="0" offset="125" sl="576" sc="9" el="576" ec="9" bec="0" bev="0" fileid="28" />
                <SequencePoint vc="1" uspid="8006" ordinal="0" offset="158" sl="579" sc="9" el="579" ec="9" bec="0" bev="0" fileid="28" />
                <SequencePoint vc="1" uspid="8007" ordinal="0" offset="170" sl="580" sc="9" el="580" ec="9" bec="0" bev="0" fileid="28" />
                <SequencePoint vc="1" uspid="8008" ordinal="0" offset="203" sl="581" sc="5" el="581" ec="5" bec="0" bev="0" fileid="28" />
              </SequencePoints>
              <BranchPoints />
            </Method>
            <Method visited="true" cyclomaticComplexity="0" nPathComplexity="0" sequenceCoverage="100.0" branchCoverage="0" crapScore="0" isConstructor="false" isStatic="false" isGetter="false" isSetter="false">
              <Summary numSequencePoints="4" visitedSequencePoints="4" numBranchPoints="0" visitedBranchPoints="0" sequenceCoverage="100.0" branchCoverage="0" maxCyclomaticComplexity="0" minCyclomaticComplexity="0" maxCrapScore="0" minCrapScore="0" visitedClasses="0" numClasses="0" visitedMethods="1" numMethods="1" />
              <MetadataToken>100663763</MetadataToken>
              <Name>System.Void SessionManagerTests::InvokeAwake()</Name>
              <FileRef uid="28" />
              <SequencePoints>
                <SequencePoint vc="22" uspid="8009" ordinal="0" offset="0" sl="588" sc="5" el="588" ec="5" bec="0" bev="0" fileid="28" />
                <SequencePoint vc="22" uspid="8010" ordinal="0" offset="1" sl="589" sc="9" el="589" ec="9" bec="0" bev="0" fileid="28" />
                <SequencePoint vc="22" uspid="8011" ordinal="0" offset="24" sl="591" sc="9" el="591" ec="9" bec="0" bev="0" fileid="28" />
                <SequencePoint vc="22" uspid="8012" ordinal="0" offset="43" sl="592" sc="5" el="592" ec="5" bec="0" bev="0" fileid="28" />
              </SequencePoints>
              <BranchPoints />
            </Method>
            <Method visited="true" cyclomaticComplexity="0" nPathComplexity="0" sequenceCoverage="100.0" branchCoverage="0" crapScore="0" isConstructor="false" isStatic="false" isGetter="false" isSetter="false">
              <Summary numSequencePoints="4" visitedSequencePoints="4" numBranchPoints="0" visitedBranchPoints="0" sequenceCoverage="100.0" branchCoverage="0" maxCyclomaticComplexity="0" minCyclomaticComplexity="0" maxCrapScore="0" minCrapScore="0" visitedClasses="0" numClasses="0" visitedMethods="1" numMethods="1" />
              <MetadataToken>100663764</MetadataToken>
              <Name>T SessionManagerTests::GetPrivateField[T](System.String)</Name>
              <FileRef uid="28" />
              <SequencePoints>
                <SequencePoint vc="19" uspid="8013" ordinal="0" offset="0" sl="595" sc="0" el="595" ec="0" bec="0" bev="0" fileid="28" />
                <SequencePoint vc="19" uspid="8014" ordinal="0" offset="1" sl="596" sc="0" el="596" ec="0" bec="0" bev="0" fileid="28" />
                <SequencePoint vc="19" uspid="8015" ordinal="0" offset="20" sl="598" sc="0" el="598" ec="0" bec="0" bev="0" fileid="28" />
                <SequencePoint vc="19" uspid="8016" ordinal="0" offset="60" sl="599" sc="0" el="599" ec="0" bec="0" bev="0" fileid="28" />
              </SequencePoints>
              <BranchPoints />
            </Method>
            <Method visited="true" cyclomaticComplexity="0" nPathComplexity="0" sequenceCoverage="100.0" branchCoverage="0" crapScore="0" isConstructor="false" isStatic="false" isGetter="false" isSetter="false">
              <Summary numSequencePoints="4" visitedSequencePoints="4" numBranchPoints="0" visitedBranchPoints="0" sequenceCoverage="100.0" branchCoverage="0" maxCyclomaticComplexity="0" minCyclomaticComplexity="0" maxCrapScore="0" minCrapScore="0" visitedClasses="0" numClasses="0" visitedMethods="1" numMethods="1" />
              <MetadataToken>100663765</MetadataToken>
              <Name>T SessionManagerTests::InvokePrivateMethod[T](System.String, System.Object[])</Name>
              <FileRef uid="28" />
              <SequencePoints>
                <SequencePoint vc="15" uspid="8017" ordinal="0" offset="0" sl="602" sc="0" el="602" ec="0" bec="0" bev="0" fileid="28" />
                <SequencePoint vc="15" uspid="8018" ordinal="0" offset="1" sl="603" sc="0" el="603" ec="0" bec="0" bev="0" fileid="28" />
                <SequencePoint vc="15" uspid="8019" ordinal="0" offset="20" sl="605" sc="0" el="605" ec="0" bec="0" bev="0" fileid="28" />
                <SequencePoint vc="14" uspid="8020" ordinal="0" offset="61" sl="606" sc="0" el="606" ec="0" bec="0" bev="0" fileid="28" />
              </SequencePoints>
              <BranchPoints />
            </Method>
            <Method visited="true" cyclomaticComplexity="0" nPathComplexity="0" sequenceCoverage="100.0" branchCoverage="0" crapScore="0" isConstructor="false" isStatic="false" isGetter="false" isSetter="false">
              <Summary numSequencePoints="1" visitedSequencePoints="1" numBranchPoints="0" visitedBranchPoints="0" sequenceCoverage="100.0" branchCoverage="0" maxCyclomaticComplexity="0" minCyclomaticComplexity="0" maxCrapScore="0" minCrapScore="0" visitedClasses="0" numClasses="0" visitedMethods="1" numMethods="1" />
              <MetadataToken>100663767</MetadataToken>
              <Name>System.Void SessionManagerTests::&lt;GetUniqueCharacter_HandlesEmptyCharacterList&gt;b__13_0()</Name>
              <FileRef uid="28" />
              <SequencePoints>
                <SequencePoint vc="1" uspid="8021" ordinal="0" offset="0" sl="174" sc="13" el="174" ec="13" bec="0" bev="0" fileid="28" />
              </SequencePoints>
              <BranchPoints />
            </Method>
            <Method visited="true" cyclomaticComplexity="0" nPathComplexity="0" sequenceCoverage="100.0" branchCoverage="0" crapScore="0" isConstructor="false" isStatic="false" isGetter="false" isSetter="false">
              <Summary numSequencePoints="1" visitedSequencePoints="1" numBranchPoints="0" visitedBranchPoints="0" sequenceCoverage="100.0" branchCoverage="0" maxCyclomaticComplexity="0" minCyclomaticComplexity="0" maxCrapScore="0" minCrapScore="0" visitedClasses="0" numClasses="0" visitedMethods="1" numMethods="1" />
              <MetadataToken>100663768</MetadataToken>
              <Name>System.Void SessionManagerTests::&lt;ReleaseCharacter_HandlesNonExistentClient&gt;b__15_0()</Name>
              <FileRef uid="28" />
              <SequencePoints>
                <SequencePoint vc="1" uspid="8022" ordinal="0" offset="0" sl="211" sc="35" el="211" ec="35" bec="0" bev="0" fileid="28" />
              </SequencePoints>
              <BranchPoints />
            </Method>
            <Method visited="true" cyclomaticComplexity="0" nPathComplexity="0" sequenceCoverage="100.0" branchCoverage="0" crapScore="0" isConstructor="false" isStatic="false" isGetter="false" isSetter="false">
              <Summary numSequencePoints="1" visitedSequencePoints="1" numBranchPoints="0" visitedBranchPoints="0" sequenceCoverage="100.0" branchCoverage="0" maxCyclomaticComplexity="0" minCyclomaticComplexity="0" maxCrapScore="0" minCrapScore="0" visitedClasses="0" numClasses="0" visitedMethods="1" numMethods="1" />
              <MetadataToken>100663769</MetadataToken>
              <Name>System.Void SessionManagerTests::&lt;ActiveSession_AcceptsNullValue&gt;b__22_0()</Name>
              <FileRef uid="28" />
              <SequencePoints>
                <SequencePoint vc="1" uspid="8023" ordinal="0" offset="0" sl="332" sc="35" el="332" ec="35" bec="0" bev="0" fileid="28" />
              </SequencePoints>
              <BranchPoints />
            </Method>
          </Methods>
        </Class>
        <Class>
          <Summary numSequencePoints="1" visitedSequencePoints="1" numBranchPoints="0" visitedBranchPoints="0" sequenceCoverage="100.0" branchCoverage="0.0" maxCyclomaticComplexity="0" minCyclomaticComplexity="0" maxCrapScore="0" minCrapScore="0" visitedClasses="1" numClasses="1" visitedMethods="1" numMethods="1" />
          <FullName>SessionManagerTests/&lt;&gt;c__DisplayClass16_0</FullName>
          <Methods>
            <Method visited="true" cyclomaticComplexity="0" nPathComplexity="0" sequenceCoverage="100.0" branchCoverage="0" crapScore="0" isConstructor="false" isStatic="false" isGetter="false" isSetter="false">
              <Summary numSequencePoints="1" visitedSequencePoints="1" numBranchPoints="0" visitedBranchPoints="0" sequenceCoverage="100.0" branchCoverage="0" maxCyclomaticComplexity="0" minCyclomaticComplexity="0" maxCrapScore="0" minCrapScore="0" visitedClasses="0" numClasses="0" visitedMethods="1" numMethods="1" />
              <MetadataToken>100663771</MetadataToken>
              <Name>System.Void SessionManagerTests/&lt;&gt;c__DisplayClass16_0::&lt;ReleaseCharacter_HandlesClientWithoutCharacter&gt;b__0()</Name>
              <FileRef uid="28" />
              <SequencePoints>
                <SequencePoint vc="1" uspid="8024" ordinal="0" offset="0" sl="223" sc="35" el="223" ec="35" bec="0" bev="0" fileid="28" />
              </SequencePoints>
              <BranchPoints />
            </Method>
          </Methods>
        </Class>
      </Classes>
    </Module>
  </Modules>
</CoverageSession>